CRITICAL - 2022-05-19 01:18:29 --> Invalid file: v4morales\index.php
#0 C:\wamp64\www\InstantJob\backend\system\View\View.php(198): CodeIgniter\Exceptions\FrameworkException::forInvalidFile('v4morales\\index...')
#1 C:\wamp64\www\InstantJob\backend\system\Common.php(1089): CodeIgniter\View\View->render('v4morales\\index...', Array, true)
#2 C:\wamp64\www\InstantJob\backend\app\Controllers\Home.php(13): view('v4morales\\index...')
#3 C:\wamp64\www\InstantJob\backend\system\CodeIgniter.php(832): App\Controllers\Home->index()
#4 C:\wamp64\www\InstantJob\backend\system\CodeIgniter.php(419): CodeIgniter\CodeIgniter->runController(Object(App\Controllers\Home))
#5 C:\wamp64\www\InstantJob\backend\system\CodeIgniter.php(326): CodeIgniter\CodeIgniter->handleRequest(NULL, Object(Config\Cache), false)
#6 C:\wamp64\www\InstantJob\backend\public\index.php(37): CodeIgniter\CodeIgniter->run()
#7 {main}
CRITICAL - 2022-05-19 01:18:32 --> Invalid file: v4morales\index.php
#0 C:\wamp64\www\InstantJob\backend\system\View\View.php(198): CodeIgniter\Exceptions\FrameworkException::forInvalidFile('v4morales\\index...')
#1 C:\wamp64\www\InstantJob\backend\system\Common.php(1089): CodeIgniter\View\View->render('v4morales\\index...', Array, true)
#2 C:\wamp64\www\InstantJob\backend\app\Controllers\Home.php(13): view('v4morales\\index...')
#3 C:\wamp64\www\InstantJob\backend\system\CodeIgniter.php(832): App\Controllers\Home->index()
#4 C:\wamp64\www\InstantJob\backend\system\CodeIgniter.php(419): CodeIgniter\CodeIgniter->runController(Object(App\Controllers\Home))
#5 C:\wamp64\www\InstantJob\backend\system\CodeIgniter.php(326): CodeIgniter\CodeIgniter->handleRequest(NULL, Object(Config\Cache), false)
#6 C:\wamp64\www\InstantJob\backend\public\index.php(37): CodeIgniter\CodeIgniter->run()
#7 {main}
CRITICAL - 2022-05-19 01:22:33 --> Invalid file: v4morales\index.php
#0 C:\wamp64\www\InstantJob\backend\system\View\View.php(198): CodeIgniter\Exceptions\FrameworkException::forInvalidFile('v4morales\\index...')
#1 C:\wamp64\www\InstantJob\backend\system\Common.php(1089): CodeIgniter\View\View->render('v4morales\\index...', Array, true)
#2 C:\wamp64\www\InstantJob\backend\app\Controllers\Home.php(13): view('v4morales\\index...')
#3 C:\wamp64\www\InstantJob\backend\system\CodeIgniter.php(832): App\Controllers\Home->index()
#4 C:\wamp64\www\InstantJob\backend\system\CodeIgniter.php(419): CodeIgniter\CodeIgniter->runController(Object(App\Controllers\Home))
#5 C:\wamp64\www\InstantJob\backend\system\CodeIgniter.php(326): CodeIgniter\CodeIgniter->handleRequest(NULL, Object(Config\Cache), false)
#6 C:\wamp64\www\InstantJob\backend\public\index.php(37): CodeIgniter\CodeIgniter->run()
#7 {main}
CRITICAL - 2022-05-19 01:23:13 --> Invalid file: v4morales\index.php
#0 C:\wamp64\www\InstantJob\backend\system\View\View.php(198): CodeIgniter\Exceptions\FrameworkException::forInvalidFile('v4morales\\index...')
#1 C:\wamp64\www\InstantJob\backend\system\Common.php(1089): CodeIgniter\View\View->render('v4morales\\index...', Array, true)
#2 C:\wamp64\www\InstantJob\backend\app\Controllers\Home.php(13): view('v4morales\\index...')
#3 C:\wamp64\www\InstantJob\backend\system\CodeIgniter.php(832): App\Controllers\Home->index()
#4 C:\wamp64\www\InstantJob\backend\system\CodeIgniter.php(419): CodeIgniter\CodeIgniter->runController(Object(App\Controllers\Home))
#5 C:\wamp64\www\InstantJob\backend\system\CodeIgniter.php(326): CodeIgniter\CodeIgniter->handleRequest(NULL, Object(Config\Cache), false)
#6 C:\wamp64\www\InstantJob\backend\public\index.php(37): CodeIgniter\CodeIgniter->run()
#7 {main}
CRITICAL - 2022-05-19 01:23:15 --> Invalid file: v4morales\index.php
#0 C:\wamp64\www\InstantJob\backend\system\View\View.php(198): CodeIgniter\Exceptions\FrameworkException::forInvalidFile('v4morales\\index...')
#1 C:\wamp64\www\InstantJob\backend\system\Common.php(1089): CodeIgniter\View\View->render('v4morales\\index...', Array, true)
#2 C:\wamp64\www\InstantJob\backend\app\Controllers\Home.php(13): view('v4morales\\index...')
#3 C:\wamp64\www\InstantJob\backend\system\CodeIgniter.php(832): App\Controllers\Home->index()
#4 C:\wamp64\www\InstantJob\backend\system\CodeIgniter.php(419): CodeIgniter\CodeIgniter->runController(Object(App\Controllers\Home))
#5 C:\wamp64\www\InstantJob\backend\system\CodeIgniter.php(326): CodeIgniter\CodeIgniter->handleRequest(NULL, Object(Config\Cache), false)
#6 C:\wamp64\www\InstantJob\backend\public\index.php(37): CodeIgniter\CodeIgniter->run()
#7 {main}
CRITICAL - 2022-05-19 01:23:22 --> Invalid file: v4morales\index.php
#0 C:\wamp64\www\InstantJob\backend\system\View\View.php(198): CodeIgniter\Exceptions\FrameworkException::forInvalidFile('v4morales\\index...')
#1 C:\wamp64\www\InstantJob\backend\system\Common.php(1089): CodeIgniter\View\View->render('v4morales\\index...', Array, true)
#2 C:\wamp64\www\InstantJob\backend\app\Controllers\Home.php(13): view('v4morales\\index...')
#3 C:\wamp64\www\InstantJob\backend\system\CodeIgniter.php(832): App\Controllers\Home->index()
#4 C:\wamp64\www\InstantJob\backend\system\CodeIgniter.php(419): CodeIgniter\CodeIgniter->runController(Object(App\Controllers\Home))
#5 C:\wamp64\www\InstantJob\backend\system\CodeIgniter.php(326): CodeIgniter\CodeIgniter->handleRequest(NULL, Object(Config\Cache), false)
#6 C:\wamp64\www\InstantJob\backend\public\index.php(37): CodeIgniter\CodeIgniter->run()
#7 {main}
