CRITICAL - 2022-05-20 02:40:28 --> Call to undefined function form_open()
#0 C:\wamp64\www\InstantJob\frontend\system\View\View.php(210): include()
#1 C:\wamp64\www\InstantJob\frontend\system\View\View.php(213): CodeIgniter\View\View->CodeIgniter\View\{closure}()
#2 C:\wamp64\www\InstantJob\frontend\system\Common.php(1089): CodeIgniter\View\View->render('index.php', Array, true)
#3 C:\wamp64\www\InstantJob\frontend\app\Controllers\Home.php(9): view('index.php')
#4 C:\wamp64\www\InstantJob\frontend\system\CodeIgniter.php(832): App\Controllers\Home->index()
#5 C:\wamp64\www\InstantJob\frontend\system\CodeIgniter.php(419): CodeIgniter\CodeIgniter->runController(Object(App\Controllers\Home))
#6 C:\wamp64\www\InstantJob\frontend\system\CodeIgniter.php(326): CodeIgniter\CodeIgniter->handleRequest(NULL, Object(Config\Cache), false)
#7 C:\wamp64\www\InstantJob\frontend\public\index.php(37): CodeIgniter\CodeIgniter->run()
#8 {main}
CRITICAL - 2022-05-20 02:40:36 --> Call to undefined function form_open()
#0 C:\wamp64\www\InstantJob\frontend\system\View\View.php(210): include()
#1 C:\wamp64\www\InstantJob\frontend\system\View\View.php(213): CodeIgniter\View\View->CodeIgniter\View\{closure}()
#2 C:\wamp64\www\InstantJob\frontend\system\Common.php(1089): CodeIgniter\View\View->render('index.php', Array, true)
#3 C:\wamp64\www\InstantJob\frontend\app\Controllers\Home.php(9): view('index.php')
#4 C:\wamp64\www\InstantJob\frontend\system\CodeIgniter.php(832): App\Controllers\Home->index()
#5 C:\wamp64\www\InstantJob\frontend\system\CodeIgniter.php(419): CodeIgniter\CodeIgniter->runController(Object(App\Controllers\Home))
#6 C:\wamp64\www\InstantJob\frontend\system\CodeIgniter.php(326): CodeIgniter\CodeIgniter->handleRequest(NULL, Object(Config\Cache), false)
#7 C:\wamp64\www\InstantJob\frontend\public\index.php(37): CodeIgniter\CodeIgniter->run()
#8 {main}
CRITICAL - 2022-05-20 02:40:49 --> Call to undefined function form_label()
#0 C:\wamp64\www\InstantJob\frontend\system\View\View.php(210): include()
#1 C:\wamp64\www\InstantJob\frontend\system\View\View.php(213): CodeIgniter\View\View->CodeIgniter\View\{closure}()
#2 C:\wamp64\www\InstantJob\frontend\system\Common.php(1089): CodeIgniter\View\View->render('index.php', Array, true)
#3 C:\wamp64\www\InstantJob\frontend\app\Controllers\Home.php(9): view('index.php')
#4 C:\wamp64\www\InstantJob\frontend\system\CodeIgniter.php(832): App\Controllers\Home->index()
#5 C:\wamp64\www\InstantJob\frontend\system\CodeIgniter.php(419): CodeIgniter\CodeIgniter->runController(Object(App\Controllers\Home))
#6 C:\wamp64\www\InstantJob\frontend\system\CodeIgniter.php(326): CodeIgniter\CodeIgniter->handleRequest(NULL, Object(Config\Cache), false)
#7 C:\wamp64\www\InstantJob\frontend\public\index.php(37): CodeIgniter\CodeIgniter->run()
#8 {main}
CRITICAL - 2022-05-20 02:41:06 --> Call to undefined function form_open()
#0 C:\wamp64\www\InstantJob\frontend\system\View\View.php(210): include()
#1 C:\wamp64\www\InstantJob\frontend\system\View\View.php(213): CodeIgniter\View\View->CodeIgniter\View\{closure}()
#2 C:\wamp64\www\InstantJob\frontend\system\Common.php(1089): CodeIgniter\View\View->render('index.php', Array, true)
#3 C:\wamp64\www\InstantJob\frontend\app\Controllers\Home.php(9): view('index.php')
#4 C:\wamp64\www\InstantJob\frontend\system\CodeIgniter.php(832): App\Controllers\Home->index()
#5 C:\wamp64\www\InstantJob\frontend\system\CodeIgniter.php(419): CodeIgniter\CodeIgniter->runController(Object(App\Controllers\Home))
#6 C:\wamp64\www\InstantJob\frontend\system\CodeIgniter.php(326): CodeIgniter\CodeIgniter->handleRequest(NULL, Object(Config\Cache), false)
#7 C:\wamp64\www\InstantJob\frontend\public\index.php(37): CodeIgniter\CodeIgniter->run()
#8 {main}
CRITICAL - 2022-05-20 02:52:26 --> Call to undefined function form_open()
#0 C:\wamp64\www\InstantJob\frontend\system\View\View.php(210): include()
#1 C:\wamp64\www\InstantJob\frontend\system\View\View.php(213): CodeIgniter\View\View->CodeIgniter\View\{closure}()
#2 C:\wamp64\www\InstantJob\frontend\system\Common.php(1089): CodeIgniter\View\View->render('index.php', Array, true)
#3 C:\wamp64\www\InstantJob\frontend\app\Controllers\Home.php(9): view('index.php')
#4 C:\wamp64\www\InstantJob\frontend\system\CodeIgniter.php(832): App\Controllers\Home->index()
#5 C:\wamp64\www\InstantJob\frontend\system\CodeIgniter.php(419): CodeIgniter\CodeIgniter->runController(Object(App\Controllers\Home))
#6 C:\wamp64\www\InstantJob\frontend\system\CodeIgniter.php(326): CodeIgniter\CodeIgniter->handleRequest(NULL, Object(Config\Cache), false)
#7 C:\wamp64\www\InstantJob\frontend\public\index.php(37): CodeIgniter\CodeIgniter->run()
#8 {main}
CRITICAL - 2022-05-20 02:53:02 --> Call to undefined function form_open()
#0 C:\wamp64\www\InstantJob\frontend\system\View\View.php(210): include()
#1 C:\wamp64\www\InstantJob\frontend\system\View\View.php(213): CodeIgniter\View\View->CodeIgniter\View\{closure}()
#2 C:\wamp64\www\InstantJob\frontend\system\Common.php(1089): CodeIgniter\View\View->render('index.php', Array, true)
#3 C:\wamp64\www\InstantJob\frontend\app\Controllers\Home.php(9): view('index.php')
#4 C:\wamp64\www\InstantJob\frontend\system\CodeIgniter.php(832): App\Controllers\Home->index()
#5 C:\wamp64\www\InstantJob\frontend\system\CodeIgniter.php(419): CodeIgniter\CodeIgniter->runController(Object(App\Controllers\Home))
#6 C:\wamp64\www\InstantJob\frontend\system\CodeIgniter.php(326): CodeIgniter\CodeIgniter->handleRequest(NULL, Object(Config\Cache), false)
#7 C:\wamp64\www\InstantJob\frontend\public\index.php(37): CodeIgniter\CodeIgniter->run()
#8 {main}
CRITICAL - 2022-05-20 02:53:03 --> Call to undefined function form_open()
#0 C:\wamp64\www\InstantJob\frontend\system\View\View.php(210): include()
#1 C:\wamp64\www\InstantJob\frontend\system\View\View.php(213): CodeIgniter\View\View->CodeIgniter\View\{closure}()
#2 C:\wamp64\www\InstantJob\frontend\system\Common.php(1089): CodeIgniter\View\View->render('index.php', Array, true)
#3 C:\wamp64\www\InstantJob\frontend\app\Controllers\Home.php(9): view('index.php')
#4 C:\wamp64\www\InstantJob\frontend\system\CodeIgniter.php(832): App\Controllers\Home->index()
#5 C:\wamp64\www\InstantJob\frontend\system\CodeIgniter.php(419): CodeIgniter\CodeIgniter->runController(Object(App\Controllers\Home))
#6 C:\wamp64\www\InstantJob\frontend\system\CodeIgniter.php(326): CodeIgniter\CodeIgniter->handleRequest(NULL, Object(Config\Cache), false)
#7 C:\wamp64\www\InstantJob\frontend\public\index.php(37): CodeIgniter\CodeIgniter->run()
#8 {main}
CRITICAL - 2022-05-20 02:53:03 --> Call to undefined function form_open()
#0 C:\wamp64\www\InstantJob\frontend\system\View\View.php(210): include()
#1 C:\wamp64\www\InstantJob\frontend\system\View\View.php(213): CodeIgniter\View\View->CodeIgniter\View\{closure}()
#2 C:\wamp64\www\InstantJob\frontend\system\Common.php(1089): CodeIgniter\View\View->render('index.php', Array, true)
#3 C:\wamp64\www\InstantJob\frontend\app\Controllers\Home.php(9): view('index.php')
#4 C:\wamp64\www\InstantJob\frontend\system\CodeIgniter.php(832): App\Controllers\Home->index()
#5 C:\wamp64\www\InstantJob\frontend\system\CodeIgniter.php(419): CodeIgniter\CodeIgniter->runController(Object(App\Controllers\Home))
#6 C:\wamp64\www\InstantJob\frontend\system\CodeIgniter.php(326): CodeIgniter\CodeIgniter->handleRequest(NULL, Object(Config\Cache), false)
#7 C:\wamp64\www\InstantJob\frontend\public\index.php(37): CodeIgniter\CodeIgniter->run()
#8 {main}
CRITICAL - 2022-05-20 02:53:10 --> Call to undefined function form_submit()
#0 C:\wamp64\www\InstantJob\frontend\system\View\View.php(210): include()
#1 C:\wamp64\www\InstantJob\frontend\system\View\View.php(213): CodeIgniter\View\View->CodeIgniter\View\{closure}()
#2 C:\wamp64\www\InstantJob\frontend\system\Common.php(1089): CodeIgniter\View\View->render('index.php', Array, true)
#3 C:\wamp64\www\InstantJob\frontend\app\Controllers\Home.php(9): view('index.php')
#4 C:\wamp64\www\InstantJob\frontend\system\CodeIgniter.php(832): App\Controllers\Home->index()
#5 C:\wamp64\www\InstantJob\frontend\system\CodeIgniter.php(419): CodeIgniter\CodeIgniter->runController(Object(App\Controllers\Home))
#6 C:\wamp64\www\InstantJob\frontend\system\CodeIgniter.php(326): CodeIgniter\CodeIgniter->handleRequest(NULL, Object(Config\Cache), false)
#7 C:\wamp64\www\InstantJob\frontend\public\index.php(37): CodeIgniter\CodeIgniter->run()
#8 {main}
CRITICAL - 2022-05-20 02:53:11 --> Call to undefined function form_submit()
#0 C:\wamp64\www\InstantJob\frontend\system\View\View.php(210): include()
#1 C:\wamp64\www\InstantJob\frontend\system\View\View.php(213): CodeIgniter\View\View->CodeIgniter\View\{closure}()
#2 C:\wamp64\www\InstantJob\frontend\system\Common.php(1089): CodeIgniter\View\View->render('index.php', Array, true)
#3 C:\wamp64\www\InstantJob\frontend\app\Controllers\Home.php(9): view('index.php')
#4 C:\wamp64\www\InstantJob\frontend\system\CodeIgniter.php(832): App\Controllers\Home->index()
#5 C:\wamp64\www\InstantJob\frontend\system\CodeIgniter.php(419): CodeIgniter\CodeIgniter->runController(Object(App\Controllers\Home))
#6 C:\wamp64\www\InstantJob\frontend\system\CodeIgniter.php(326): CodeIgniter\CodeIgniter->handleRequest(NULL, Object(Config\Cache), false)
#7 C:\wamp64\www\InstantJob\frontend\public\index.php(37): CodeIgniter\CodeIgniter->run()
#8 {main}
CRITICAL - 2022-05-20 02:53:11 --> Call to undefined function form_submit()
#0 C:\wamp64\www\InstantJob\frontend\system\View\View.php(210): include()
#1 C:\wamp64\www\InstantJob\frontend\system\View\View.php(213): CodeIgniter\View\View->CodeIgniter\View\{closure}()
#2 C:\wamp64\www\InstantJob\frontend\system\Common.php(1089): CodeIgniter\View\View->render('index.php', Array, true)
#3 C:\wamp64\www\InstantJob\frontend\app\Controllers\Home.php(9): view('index.php')
#4 C:\wamp64\www\InstantJob\frontend\system\CodeIgniter.php(832): App\Controllers\Home->index()
#5 C:\wamp64\www\InstantJob\frontend\system\CodeIgniter.php(419): CodeIgniter\CodeIgniter->runController(Object(App\Controllers\Home))
#6 C:\wamp64\www\InstantJob\frontend\system\CodeIgniter.php(326): CodeIgniter\CodeIgniter->handleRequest(NULL, Object(Config\Cache), false)
#7 C:\wamp64\www\InstantJob\frontend\public\index.php(37): CodeIgniter\CodeIgniter->run()
#8 {main}
CRITICAL - 2022-05-20 02:53:29 --> Call to undefined function form_submit()
#0 C:\wamp64\www\InstantJob\frontend\system\View\View.php(210): include()
#1 C:\wamp64\www\InstantJob\frontend\system\View\View.php(213): CodeIgniter\View\View->CodeIgniter\View\{closure}()
#2 C:\wamp64\www\InstantJob\frontend\system\Common.php(1089): CodeIgniter\View\View->render('index.php', Array, true)
#3 C:\wamp64\www\InstantJob\frontend\app\Controllers\Home.php(9): view('index.php')
#4 C:\wamp64\www\InstantJob\frontend\system\CodeIgniter.php(832): App\Controllers\Home->index()
#5 C:\wamp64\www\InstantJob\frontend\system\CodeIgniter.php(419): CodeIgniter\CodeIgniter->runController(Object(App\Controllers\Home))
#6 C:\wamp64\www\InstantJob\frontend\system\CodeIgniter.php(326): CodeIgniter\CodeIgniter->handleRequest(NULL, Object(Config\Cache), false)
#7 C:\wamp64\www\InstantJob\frontend\public\index.php(37): CodeIgniter\CodeIgniter->run()
#8 {main}
CRITICAL - 2022-05-20 02:53:38 --> Call to undefined function form_open()
#0 C:\wamp64\www\InstantJob\frontend\system\View\View.php(210): include()
#1 C:\wamp64\www\InstantJob\frontend\system\View\View.php(213): CodeIgniter\View\View->CodeIgniter\View\{closure}()
#2 C:\wamp64\www\InstantJob\frontend\system\Common.php(1089): CodeIgniter\View\View->render('index.php', Array, true)
#3 C:\wamp64\www\InstantJob\frontend\app\Controllers\Home.php(9): view('index.php')
#4 C:\wamp64\www\InstantJob\frontend\system\CodeIgniter.php(832): App\Controllers\Home->index()
#5 C:\wamp64\www\InstantJob\frontend\system\CodeIgniter.php(419): CodeIgniter\CodeIgniter->runController(Object(App\Controllers\Home))
#6 C:\wamp64\www\InstantJob\frontend\system\CodeIgniter.php(326): CodeIgniter\CodeIgniter->handleRequest(NULL, Object(Config\Cache), false)
#7 C:\wamp64\www\InstantJob\frontend\public\index.php(37): CodeIgniter\CodeIgniter->run()
#8 {main}
CRITICAL - 2022-05-20 02:53:42 --> Call to undefined function form_open()
#0 C:\wamp64\www\InstantJob\frontend\system\View\View.php(210): include()
#1 C:\wamp64\www\InstantJob\frontend\system\View\View.php(213): CodeIgniter\View\View->CodeIgniter\View\{closure}()
#2 C:\wamp64\www\InstantJob\frontend\system\Common.php(1089): CodeIgniter\View\View->render('index.php', Array, true)
#3 C:\wamp64\www\InstantJob\frontend\app\Controllers\Home.php(9): view('index.php')
#4 C:\wamp64\www\InstantJob\frontend\system\CodeIgniter.php(832): App\Controllers\Home->index()
#5 C:\wamp64\www\InstantJob\frontend\system\CodeIgniter.php(419): CodeIgniter\CodeIgniter->runController(Object(App\Controllers\Home))
#6 C:\wamp64\www\InstantJob\frontend\system\CodeIgniter.php(326): CodeIgniter\CodeIgniter->handleRequest(NULL, Object(Config\Cache), false)
#7 C:\wamp64\www\InstantJob\frontend\public\index.php(37): CodeIgniter\CodeIgniter->run()
#8 {main}
CRITICAL - 2022-05-20 02:55:58 --> Call to undefined function set_value()
#0 C:\wamp64\www\InstantJob\frontend\system\View\View.php(210): include()
#1 C:\wamp64\www\InstantJob\frontend\system\View\View.php(213): CodeIgniter\View\View->CodeIgniter\View\{closure}()
#2 C:\wamp64\www\InstantJob\frontend\system\Common.php(1089): CodeIgniter\View\View->render('index.php', Array, true)
#3 C:\wamp64\www\InstantJob\frontend\app\Controllers\Home.php(9): view('index.php')
#4 C:\wamp64\www\InstantJob\frontend\system\CodeIgniter.php(832): App\Controllers\Home->index()
#5 C:\wamp64\www\InstantJob\frontend\system\CodeIgniter.php(419): CodeIgniter\CodeIgniter->runController(Object(App\Controllers\Home))
#6 C:\wamp64\www\InstantJob\frontend\system\CodeIgniter.php(326): CodeIgniter\CodeIgniter->handleRequest(NULL, Object(Config\Cache), false)
#7 C:\wamp64\www\InstantJob\frontend\public\index.php(37): CodeIgniter\CodeIgniter->run()
#8 {main}
CRITICAL - 2022-05-20 02:56:23 --> Call to undefined function set_value()
#0 C:\wamp64\www\InstantJob\frontend\system\View\View.php(210): include()
#1 C:\wamp64\www\InstantJob\frontend\system\View\View.php(213): CodeIgniter\View\View->CodeIgniter\View\{closure}()
#2 C:\wamp64\www\InstantJob\frontend\system\Common.php(1089): CodeIgniter\View\View->render('index.php', Array, true)
#3 C:\wamp64\www\InstantJob\frontend\app\Controllers\Home.php(9): view('index.php')
#4 C:\wamp64\www\InstantJob\frontend\system\CodeIgniter.php(832): App\Controllers\Home->index()
#5 C:\wamp64\www\InstantJob\frontend\system\CodeIgniter.php(419): CodeIgniter\CodeIgniter->runController(Object(App\Controllers\Home))
#6 C:\wamp64\www\InstantJob\frontend\system\CodeIgniter.php(326): CodeIgniter\CodeIgniter->handleRequest(NULL, Object(Config\Cache), false)
#7 C:\wamp64\www\InstantJob\frontend\public\index.php(37): CodeIgniter\CodeIgniter->run()
#8 {main}
CRITICAL - 2022-05-20 02:56:34 --> Call to undefined function form_label()
#0 C:\wamp64\www\InstantJob\frontend\system\View\View.php(210): include()
#1 C:\wamp64\www\InstantJob\frontend\system\View\View.php(213): CodeIgniter\View\View->CodeIgniter\View\{closure}()
#2 C:\wamp64\www\InstantJob\frontend\system\Common.php(1089): CodeIgniter\View\View->render('index.php', Array, true)
#3 C:\wamp64\www\InstantJob\frontend\app\Controllers\Home.php(9): view('index.php')
#4 C:\wamp64\www\InstantJob\frontend\system\CodeIgniter.php(832): App\Controllers\Home->index()
#5 C:\wamp64\www\InstantJob\frontend\system\CodeIgniter.php(419): CodeIgniter\CodeIgniter->runController(Object(App\Controllers\Home))
#6 C:\wamp64\www\InstantJob\frontend\system\CodeIgniter.php(326): CodeIgniter\CodeIgniter->handleRequest(NULL, Object(Config\Cache), false)
#7 C:\wamp64\www\InstantJob\frontend\public\index.php(37): CodeIgniter\CodeIgniter->run()
#8 {main}
CRITICAL - 2022-05-20 02:57:29 --> Call to undefined function form_label()
#0 C:\wamp64\www\InstantJob\frontend\system\View\View.php(210): include()
#1 C:\wamp64\www\InstantJob\frontend\system\View\View.php(213): CodeIgniter\View\View->CodeIgniter\View\{closure}()
#2 C:\wamp64\www\InstantJob\frontend\system\Common.php(1089): CodeIgniter\View\View->render('index.php', Array, true)
#3 C:\wamp64\www\InstantJob\frontend\app\Controllers\Home.php(9): view('index.php')
#4 C:\wamp64\www\InstantJob\frontend\system\CodeIgniter.php(832): App\Controllers\Home->index()
#5 C:\wamp64\www\InstantJob\frontend\system\CodeIgniter.php(419): CodeIgniter\CodeIgniter->runController(Object(App\Controllers\Home))
#6 C:\wamp64\www\InstantJob\frontend\system\CodeIgniter.php(326): CodeIgniter\CodeIgniter->handleRequest(NULL, Object(Config\Cache), false)
#7 C:\wamp64\www\InstantJob\frontend\public\index.php(37): CodeIgniter\CodeIgniter->run()
#8 {main}
CRITICAL - 2022-05-20 02:58:57 --> Call to undefined function set_value()
#0 C:\wamp64\www\InstantJob\frontend\system\View\View.php(210): include()
#1 C:\wamp64\www\InstantJob\frontend\system\View\View.php(213): CodeIgniter\View\View->CodeIgniter\View\{closure}()
#2 C:\wamp64\www\InstantJob\frontend\system\Common.php(1089): CodeIgniter\View\View->render('index.php', Array, true)
#3 C:\wamp64\www\InstantJob\frontend\app\Controllers\Home.php(9): view('index.php')
#4 C:\wamp64\www\InstantJob\frontend\system\CodeIgniter.php(832): App\Controllers\Home->index()
#5 C:\wamp64\www\InstantJob\frontend\system\CodeIgniter.php(419): CodeIgniter\CodeIgniter->runController(Object(App\Controllers\Home))
#6 C:\wamp64\www\InstantJob\frontend\system\CodeIgniter.php(326): CodeIgniter\CodeIgniter->handleRequest(NULL, Object(Config\Cache), false)
#7 C:\wamp64\www\InstantJob\frontend\public\index.php(37): CodeIgniter\CodeIgniter->run()
#8 {main}
CRITICAL - 2022-05-20 03:00:28 --> Call to undefined function form_open()
#0 C:\wamp64\www\InstantJob\frontend\system\View\View.php(210): include()
#1 C:\wamp64\www\InstantJob\frontend\system\View\View.php(213): CodeIgniter\View\View->CodeIgniter\View\{closure}()
#2 C:\wamp64\www\InstantJob\frontend\system\Common.php(1089): CodeIgniter\View\View->render('index.php', Array, true)
#3 C:\wamp64\www\InstantJob\frontend\app\Controllers\Home.php(9): view('index.php')
#4 C:\wamp64\www\InstantJob\frontend\system\CodeIgniter.php(832): App\Controllers\Home->index()
#5 C:\wamp64\www\InstantJob\frontend\system\CodeIgniter.php(419): CodeIgniter\CodeIgniter->runController(Object(App\Controllers\Home))
#6 C:\wamp64\www\InstantJob\frontend\system\CodeIgniter.php(326): CodeIgniter\CodeIgniter->handleRequest(NULL, Object(Config\Cache), false)
#7 C:\wamp64\www\InstantJob\frontend\public\index.php(37): CodeIgniter\CodeIgniter->run()
#8 {main}
CRITICAL - 2022-05-20 03:46:26 --> Call to undefined function form_open()
#0 C:\wamp64\www\InstantJob\frontend\system\View\View.php(210): include()
#1 C:\wamp64\www\InstantJob\frontend\system\View\View.php(213): CodeIgniter\View\View->CodeIgniter\View\{closure}()
#2 C:\wamp64\www\InstantJob\frontend\system\Common.php(1089): CodeIgniter\View\View->render('index.php', Array, true)
#3 C:\wamp64\www\InstantJob\frontend\app\Controllers\Home.php(9): view('index.php')
#4 C:\wamp64\www\InstantJob\frontend\system\CodeIgniter.php(832): App\Controllers\Home->index()
#5 C:\wamp64\www\InstantJob\frontend\system\CodeIgniter.php(419): CodeIgniter\CodeIgniter->runController(Object(App\Controllers\Home))
#6 C:\wamp64\www\InstantJob\frontend\system\CodeIgniter.php(326): CodeIgniter\CodeIgniter->handleRequest(NULL, Object(Config\Cache), false)
#7 C:\wamp64\www\InstantJob\frontend\public\index.php(37): CodeIgniter\CodeIgniter->run()
#8 {main}
CRITICAL - 2022-05-20 03:52:42 --> Unmatched ')'
#0 C:\wamp64\www\InstantJob\frontend\system\View\View.php(213): CodeIgniter\View\View->CodeIgniter\View\{closure}()
#1 C:\wamp64\www\InstantJob\frontend\system\Common.php(1089): CodeIgniter\View\View->render('index.php', Array, true)
#2 C:\wamp64\www\InstantJob\frontend\app\Controllers\Home.php(15): view('index.php')
#3 C:\wamp64\www\InstantJob\frontend\system\CodeIgniter.php(832): App\Controllers\Home->index()
#4 C:\wamp64\www\InstantJob\frontend\system\CodeIgniter.php(419): CodeIgniter\CodeIgniter->runController(Object(App\Controllers\Home))
#5 C:\wamp64\www\InstantJob\frontend\system\CodeIgniter.php(326): CodeIgniter\CodeIgniter->handleRequest(NULL, Object(Config\Cache), false)
#6 C:\wamp64\www\InstantJob\frontend\public\index.php(37): CodeIgniter\CodeIgniter->run()
#7 {main}
