CRITICAL - 2022-05-22 06:02:43 --> Invalid file: missatges.html
#0 P:\Wamp\www\InstantJob-master\frontend\system\View\View.php(198): CodeIgniter\Exceptions\FrameworkException::forInvalidFile('missatges.html')
#1 P:\Wamp\www\InstantJob-master\frontend\system\Common.php(1089): CodeIgniter\View\View->render('missatges.html', Array, true)
#2 P:\Wamp\www\InstantJob-master\frontend\app\Controllers\Home.php(20): view('missatges.html')
#3 P:\Wamp\www\InstantJob-master\frontend\system\CodeIgniter.php(832): App\Controllers\Home->missatges()
#4 P:\Wamp\www\InstantJob-master\frontend\system\CodeIgniter.php(419): CodeIgniter\CodeIgniter->runController(Object(App\Controllers\Home))
#5 P:\Wamp\www\InstantJob-master\frontend\system\CodeIgniter.php(326): CodeIgniter\CodeIgniter->handleRequest(NULL, Object(Config\Cache), false)
#6 P:\Wamp\www\InstantJob-master\frontend\public\index.php(37): CodeIgniter\CodeIgniter->run()
#7 {main}
CRITICAL - 2022-05-22 06:02:46 --> Invalid file: missatges.html
#0 P:\Wamp\www\InstantJob-master\frontend\system\View\View.php(198): CodeIgniter\Exceptions\FrameworkException::forInvalidFile('missatges.html')
#1 P:\Wamp\www\InstantJob-master\frontend\system\Common.php(1089): CodeIgniter\View\View->render('missatges.html', Array, true)
#2 P:\Wamp\www\InstantJob-master\frontend\app\Controllers\Home.php(20): view('missatges.html')
#3 P:\Wamp\www\InstantJob-master\frontend\system\CodeIgniter.php(832): App\Controllers\Home->missatges()
#4 P:\Wamp\www\InstantJob-master\frontend\system\CodeIgniter.php(419): CodeIgniter\CodeIgniter->runController(Object(App\Controllers\Home))
#5 P:\Wamp\www\InstantJob-master\frontend\system\CodeIgniter.php(326): CodeIgniter\CodeIgniter->handleRequest(NULL, Object(Config\Cache), false)
#6 P:\Wamp\www\InstantJob-master\frontend\public\index.php(37): CodeIgniter\CodeIgniter->run()
#7 {main}
CRITICAL - 2022-05-22 06:02:54 --> Invalid file: missatges.html
#0 P:\Wamp\www\InstantJob-master\frontend\system\View\View.php(198): CodeIgniter\Exceptions\FrameworkException::forInvalidFile('missatges.html')
#1 P:\Wamp\www\InstantJob-master\frontend\system\Common.php(1089): CodeIgniter\View\View->render('missatges.html', Array, true)
#2 P:\Wamp\www\InstantJob-master\frontend\app\Controllers\Home.php(20): view('missatges.html')
#3 P:\Wamp\www\InstantJob-master\frontend\system\CodeIgniter.php(832): App\Controllers\Home->missatges()
#4 P:\Wamp\www\InstantJob-master\frontend\system\CodeIgniter.php(419): CodeIgniter\CodeIgniter->runController(Object(App\Controllers\Home))
#5 P:\Wamp\www\InstantJob-master\frontend\system\CodeIgniter.php(326): CodeIgniter\CodeIgniter->handleRequest(NULL, Object(Config\Cache), false)
#6 P:\Wamp\www\InstantJob-master\frontend\public\index.php(37): CodeIgniter\CodeIgniter->run()
#7 {main}
CRITICAL - 2022-05-22 07:02:42 --> Cannot redeclare App\Controllers\Home::serveis()
#0 [internal function]: CodeIgniter\Debug\Exceptions->shutdownHandler()
#1 {main}
CRITICAL - 2022-05-22 07:03:08 --> Cannot redeclare App\Controllers\Home::serveis()
#0 [internal function]: CodeIgniter\Debug\Exceptions->shutdownHandler()
#1 {main}
CRITICAL - 2022-05-22 07:03:15 --> Cannot redeclare App\Controllers\Home::serveis()
#0 [internal function]: CodeIgniter\Debug\Exceptions->shutdownHandler()
#1 {main}
CRITICAL - 2022-05-22 07:03:16 --> Cannot redeclare App\Controllers\Home::serveis()
#0 [internal function]: CodeIgniter\Debug\Exceptions->shutdownHandler()
#1 {main}
CRITICAL - 2022-05-22 07:03:16 --> Cannot redeclare App\Controllers\Home::serveis()
#0 [internal function]: CodeIgniter\Debug\Exceptions->shutdownHandler()
#1 {main}
CRITICAL - 2022-05-22 07:03:45 --> Cannot redeclare App\Controllers\Home::serveis()
#0 [internal function]: CodeIgniter\Debug\Exceptions->shutdownHandler()
#1 {main}
CRITICAL - 2022-05-22 07:03:48 --> Cannot redeclare App\Controllers\Home::serveis()
#0 [internal function]: CodeIgniter\Debug\Exceptions->shutdownHandler()
#1 {main}
CRITICAL - 2022-05-22 07:03:54 --> Cannot redeclare App\Controllers\Home::serveis()
#0 [internal function]: CodeIgniter\Debug\Exceptions->shutdownHandler()
#1 {main}
CRITICAL - 2022-05-22 07:03:58 --> Cannot redeclare App\Controllers\Home::serveis()
#0 [internal function]: CodeIgniter\Debug\Exceptions->shutdownHandler()
#1 {main}
CRITICAL - 2022-05-22 07:04:05 --> Cannot redeclare App\Controllers\Home::serveis()
#0 [internal function]: CodeIgniter\Debug\Exceptions->shutdownHandler()
#1 {main}
CRITICAL - 2022-05-22 07:04:06 --> Cannot redeclare App\Controllers\Home::serveis()
#0 [internal function]: CodeIgniter\Debug\Exceptions->shutdownHandler()
#1 {main}
CRITICAL - 2022-05-22 07:04:15 --> Cannot redeclare App\Controllers\Home::serveis()
#0 [internal function]: CodeIgniter\Debug\Exceptions->shutdownHandler()
#1 {main}
CRITICAL - 2022-05-22 07:04:18 --> Cannot redeclare App\Controllers\Home::serveis()
#0 [internal function]: CodeIgniter\Debug\Exceptions->shutdownHandler()
#1 {main}
CRITICAL - 2022-05-22 07:04:28 --> Cannot redeclare App\Controllers\Home::serveis()
#0 [internal function]: CodeIgniter\Debug\Exceptions->shutdownHandler()
#1 {main}
CRITICAL - 2022-05-22 07:04:29 --> Cannot redeclare App\Controllers\Home::serveis()
#0 [internal function]: CodeIgniter\Debug\Exceptions->shutdownHandler()
#1 {main}
CRITICAL - 2022-05-22 07:04:29 --> Cannot redeclare App\Controllers\Home::serveis()
#0 [internal function]: CodeIgniter\Debug\Exceptions->shutdownHandler()
#1 {main}
CRITICAL - 2022-05-22 07:04:33 --> Cannot redeclare App\Controllers\Home::serveis()
#0 [internal function]: CodeIgniter\Debug\Exceptions->shutdownHandler()
#1 {main}
CRITICAL - 2022-05-22 07:04:40 --> Cannot redeclare App\Controllers\Home::serveis()
#0 [internal function]: CodeIgniter\Debug\Exceptions->shutdownHandler()
#1 {main}
CRITICAL - 2022-05-22 07:04:41 --> Cannot redeclare App\Controllers\Home::serveis()
#0 [internal function]: CodeIgniter\Debug\Exceptions->shutdownHandler()
#1 {main}
CRITICAL - 2022-05-22 07:04:41 --> Cannot redeclare App\Controllers\Home::serveis()
#0 [internal function]: CodeIgniter\Debug\Exceptions->shutdownHandler()
#1 {main}
CRITICAL - 2022-05-22 07:04:41 --> Cannot redeclare App\Controllers\Home::serveis()
#0 [internal function]: CodeIgniter\Debug\Exceptions->shutdownHandler()
#1 {main}
CRITICAL - 2022-05-22 07:04:41 --> Cannot redeclare App\Controllers\Home::serveis()
#0 [internal function]: CodeIgniter\Debug\Exceptions->shutdownHandler()
#1 {main}
CRITICAL - 2022-05-22 07:04:41 --> Cannot redeclare App\Controllers\Home::serveis()
#0 [internal function]: CodeIgniter\Debug\Exceptions->shutdownHandler()
#1 {main}
CRITICAL - 2022-05-22 07:04:58 --> Cannot redeclare App\Controllers\Home::serveis()
#0 [internal function]: CodeIgniter\Debug\Exceptions->shutdownHandler()
#1 {main}
CRITICAL - 2022-05-22 07:05:03 --> Cannot redeclare App\Controllers\Home::serveis()
#0 [internal function]: CodeIgniter\Debug\Exceptions->shutdownHandler()
#1 {main}
CRITICAL - 2022-05-22 07:05:18 --> Cannot redeclare App\Controllers\Home::serveis()
#0 [internal function]: CodeIgniter\Debug\Exceptions->shutdownHandler()
#1 {main}
