CRITICAL - 2022-05-30 10:10:50 --> Call to a member function getResultArray() on null
#0 C:\xampp\htdocs\InstantJob\system\View\View.php(210): include()
#1 C:\xampp\htdocs\InstantJob\system\View\View.php(213): CodeIgniter\View\View->CodeIgniter\View\{closure}()
#2 C:\xampp\htdocs\InstantJob\system\Common.php(1089): CodeIgniter\View\View->render('modificarProduc...', Array, true)
#3 C:\xampp\htdocs\InstantJob\app\Controllers\Home.php(111): view('modificarProduc...')
#4 C:\xampp\htdocs\InstantJob\system\CodeIgniter.php(832): App\Controllers\Home->modificarProductes()
#5 C:\xampp\htdocs\InstantJob\system\CodeIgniter.php(419): CodeIgniter\CodeIgniter->runController(Object(App\Controllers\Home))
#6 C:\xampp\htdocs\InstantJob\system\CodeIgniter.php(326): CodeIgniter\CodeIgniter->handleRequest(NULL, Object(Config\Cache), false)
#7 C:\xampp\htdocs\InstantJob\public\index.php(37): CodeIgniter\CodeIgniter->run()
#8 {main}
CRITICAL - 2022-05-30 10:25:42 --> Object of class CodeIgniter\Database\MySQLi\Result could not be converted to string
#0 C:\xampp\htdocs\InstantJob\system\CodeIgniter.php(832): App\Controllers\Home->modificarProductes()
#1 C:\xampp\htdocs\InstantJob\system\CodeIgniter.php(419): CodeIgniter\CodeIgniter->runController(Object(App\Controllers\Home))
#2 C:\xampp\htdocs\InstantJob\system\CodeIgniter.php(326): CodeIgniter\CodeIgniter->handleRequest(NULL, Object(Config\Cache), false)
#3 C:\xampp\htdocs\InstantJob\public\index.php(37): CodeIgniter\CodeIgniter->run()
#4 {main}
CRITICAL - 2022-05-30 10:26:29 --> Cannot use object of type CodeIgniter\Database\MySQLi\Result as array
#0 C:\xampp\htdocs\InstantJob\system\CodeIgniter.php(832): App\Controllers\Home->modificarProductes()
#1 C:\xampp\htdocs\InstantJob\system\CodeIgniter.php(419): CodeIgniter\CodeIgniter->runController(Object(App\Controllers\Home))
#2 C:\xampp\htdocs\InstantJob\system\CodeIgniter.php(326): CodeIgniter\CodeIgniter->handleRequest(NULL, Object(Config\Cache), false)
#3 C:\xampp\htdocs\InstantJob\public\index.php(37): CodeIgniter\CodeIgniter->run()
#4 {main}
ERROR - 2022-05-30 10:57:42 --> Cannot add or update a child row: a foreign key constraint fails (`final`.`subir`, CONSTRAINT `subir_ibfk_1` FOREIGN KEY (`id_servicios`) REFERENCES `servicio` (`id_servicio`))
ERROR - 2022-05-30 10:59:45 --> Cannot add or update a child row: a foreign key constraint fails (`final`.`subir`, CONSTRAINT `subir_ibfk_1` FOREIGN KEY (`id_servicios`) REFERENCES `servicio` (`id_servicio`))
CRITICAL - 2022-05-30 16:38:22 --> Call to a member function getResultArray() on string
#0 C:\xampp\htdocs\InstantJob\system\View\View.php(210): include()
#1 C:\xampp\htdocs\InstantJob\system\View\View.php(213): CodeIgniter\View\View->CodeIgniter\View\{closure}()
#2 C:\xampp\htdocs\InstantJob\system\Common.php(1089): CodeIgniter\View\View->render('guardats', Array, true)
#3 C:\xampp\htdocs\InstantJob\app\Controllers\Home.php(271): view('guardats', Array)
#4 C:\xampp\htdocs\InstantJob\system\CodeIgniter.php(832): App\Controllers\Home->guardats()
#5 C:\xampp\htdocs\InstantJob\system\CodeIgniter.php(419): CodeIgniter\CodeIgniter->runController(Object(App\Controllers\Home))
#6 C:\xampp\htdocs\InstantJob\system\CodeIgniter.php(326): CodeIgniter\CodeIgniter->handleRequest(NULL, Object(Config\Cache), false)
#7 C:\xampp\htdocs\InstantJob\public\index.php(37): CodeIgniter\CodeIgniter->run()
#8 {main}
CRITICAL - 2022-05-30 17:57:17 --> Cannot use object of type CodeIgniter\Database\MySQLi\Result as array
#0 C:\xampp\htdocs\InstantJob\system\View\View.php(210): include()
#1 C:\xampp\htdocs\InstantJob\system\View\View.php(213): CodeIgniter\View\View->CodeIgniter\View\{closure}()
#2 C:\xampp\htdocs\InstantJob\system\Common.php(1089): CodeIgniter\View\View->render('compra', Array, true)
#3 C:\xampp\htdocs\InstantJob\app\Controllers\Home.php(610): view('compra', Array)
#4 C:\xampp\htdocs\InstantJob\system\CodeIgniter.php(832): App\Controllers\Home->compraProductes()
#5 C:\xampp\htdocs\InstantJob\system\CodeIgniter.php(419): CodeIgniter\CodeIgniter->runController(Object(App\Controllers\Home))
#6 C:\xampp\htdocs\InstantJob\system\CodeIgniter.php(326): CodeIgniter\CodeIgniter->handleRequest(NULL, Object(Config\Cache), false)
#7 C:\xampp\htdocs\InstantJob\public\index.php(37): CodeIgniter\CodeIgniter->run()
#8 {main}
CRITICAL - 2022-05-30 17:58:22 --> Cannot use object of type CodeIgniter\Database\MySQLi\Result as array
#0 C:\xampp\htdocs\InstantJob\system\View\View.php(210): include()
#1 C:\xampp\htdocs\InstantJob\system\View\View.php(213): CodeIgniter\View\View->CodeIgniter\View\{closure}()
#2 C:\xampp\htdocs\InstantJob\system\Common.php(1089): CodeIgniter\View\View->render('compra', Array, true)
#3 C:\xampp\htdocs\InstantJob\app\Controllers\Home.php(610): view('compra', Array)
#4 C:\xampp\htdocs\InstantJob\system\CodeIgniter.php(832): App\Controllers\Home->compraProductes()
#5 C:\xampp\htdocs\InstantJob\system\CodeIgniter.php(419): CodeIgniter\CodeIgniter->runController(Object(App\Controllers\Home))
#6 C:\xampp\htdocs\InstantJob\system\CodeIgniter.php(326): CodeIgniter\CodeIgniter->handleRequest(NULL, Object(Config\Cache), false)
#7 C:\xampp\htdocs\InstantJob\public\index.php(37): CodeIgniter\CodeIgniter->run()
#8 {main}
CRITICAL - 2022-05-30 17:59:10 --> Cannot use object of type CodeIgniter\Database\MySQLi\Result as array
#0 C:\xampp\htdocs\InstantJob\system\View\View.php(210): include()
#1 C:\xampp\htdocs\InstantJob\system\View\View.php(213): CodeIgniter\View\View->CodeIgniter\View\{closure}()
#2 C:\xampp\htdocs\InstantJob\system\Common.php(1089): CodeIgniter\View\View->render('compra', Array, true)
#3 C:\xampp\htdocs\InstantJob\app\Controllers\Home.php(610): view('compra', Array)
#4 C:\xampp\htdocs\InstantJob\system\CodeIgniter.php(832): App\Controllers\Home->compraProductes()
#5 C:\xampp\htdocs\InstantJob\system\CodeIgniter.php(419): CodeIgniter\CodeIgniter->runController(Object(App\Controllers\Home))
#6 C:\xampp\htdocs\InstantJob\system\CodeIgniter.php(326): CodeIgniter\CodeIgniter->handleRequest(NULL, Object(Config\Cache), false)
#7 C:\xampp\htdocs\InstantJob\public\index.php(37): CodeIgniter\CodeIgniter->run()
#8 {main}
CRITICAL - 2022-05-30 17:59:40 --> Cannot use object of type CodeIgniter\Database\MySQLi\Result as array
#0 C:\xampp\htdocs\InstantJob\system\View\View.php(210): include()
#1 C:\xampp\htdocs\InstantJob\system\View\View.php(213): CodeIgniter\View\View->CodeIgniter\View\{closure}()
#2 C:\xampp\htdocs\InstantJob\system\Common.php(1089): CodeIgniter\View\View->render('compra', Array, true)
#3 C:\xampp\htdocs\InstantJob\app\Controllers\Home.php(610): view('compra', Array)
#4 C:\xampp\htdocs\InstantJob\system\CodeIgniter.php(832): App\Controllers\Home->compraProductes()
#5 C:\xampp\htdocs\InstantJob\system\CodeIgniter.php(419): CodeIgniter\CodeIgniter->runController(Object(App\Controllers\Home))
#6 C:\xampp\htdocs\InstantJob\system\CodeIgniter.php(326): CodeIgniter\CodeIgniter->handleRequest(NULL, Object(Config\Cache), false)
#7 C:\xampp\htdocs\InstantJob\public\index.php(37): CodeIgniter\CodeIgniter->run()
#8 {main}
CRITICAL - 2022-05-30 18:55:42 --> Invalid file: index.php
#0 C:\xampp\htdocs\InstantJob\system\View\View.php(198): CodeIgniter\Exceptions\FrameworkException::forInvalidFile('index.php')
#1 C:\xampp\htdocs\InstantJob\system\Common.php(1089): CodeIgniter\View\View->render('index', Array, true)
#2 C:\xampp\htdocs\InstantJob\app\Controllers\Home.php(618): view('index')
#3 C:\xampp\htdocs\InstantJob\system\CodeIgniter.php(832): App\Controllers\Home->marcar()
#4 C:\xampp\htdocs\InstantJob\system\CodeIgniter.php(419): CodeIgniter\CodeIgniter->runController(Object(App\Controllers\Home))
#5 C:\xampp\htdocs\InstantJob\system\CodeIgniter.php(326): CodeIgniter\CodeIgniter->handleRequest(NULL, Object(Config\Cache), false)
#6 C:\xampp\htdocs\InstantJob\public\index.php(37): CodeIgniter\CodeIgniter->run()
#7 {main}
CRITICAL - 2022-05-30 18:55:57 --> Invalid file: index.php
#0 C:\xampp\htdocs\InstantJob\system\View\View.php(198): CodeIgniter\Exceptions\FrameworkException::forInvalidFile('index.php')
#1 C:\xampp\htdocs\InstantJob\system\Common.php(1089): CodeIgniter\View\View->render('index', Array, true)
#2 C:\xampp\htdocs\InstantJob\app\Controllers\Home.php(618): view('index')
#3 C:\xampp\htdocs\InstantJob\system\CodeIgniter.php(832): App\Controllers\Home->marcar()
#4 C:\xampp\htdocs\InstantJob\system\CodeIgniter.php(419): CodeIgniter\CodeIgniter->runController(Object(App\Controllers\Home))
#5 C:\xampp\htdocs\InstantJob\system\CodeIgniter.php(326): CodeIgniter\CodeIgniter->handleRequest(NULL, Object(Config\Cache), false)
#6 C:\xampp\htdocs\InstantJob\public\index.php(37): CodeIgniter\CodeIgniter->run()
#7 {main}
CRITICAL - 2022-05-30 18:56:02 --> Invalid file: index.php
#0 C:\xampp\htdocs\InstantJob\system\View\View.php(198): CodeIgniter\Exceptions\FrameworkException::forInvalidFile('index.php')
#1 C:\xampp\htdocs\InstantJob\system\Common.php(1089): CodeIgniter\View\View->render('index', Array, true)
#2 C:\xampp\htdocs\InstantJob\app\Controllers\Home.php(618): view('index')
#3 C:\xampp\htdocs\InstantJob\system\CodeIgniter.php(832): App\Controllers\Home->marcar()
#4 C:\xampp\htdocs\InstantJob\system\CodeIgniter.php(419): CodeIgniter\CodeIgniter->runController(Object(App\Controllers\Home))
#5 C:\xampp\htdocs\InstantJob\system\CodeIgniter.php(326): CodeIgniter\CodeIgniter->handleRequest(NULL, Object(Config\Cache), false)
#6 C:\xampp\htdocs\InstantJob\public\index.php(37): CodeIgniter\CodeIgniter->run()
#7 {main}
CRITICAL - 2022-05-30 18:56:20 --> Invalid file: index.php
#0 C:\xampp\htdocs\InstantJob\system\View\View.php(198): CodeIgniter\Exceptions\FrameworkException::forInvalidFile('index.php')
#1 C:\xampp\htdocs\InstantJob\system\Common.php(1089): CodeIgniter\View\View->render('index', Array, true)
#2 C:\xampp\htdocs\InstantJob\app\Controllers\Home.php(619): view('index')
#3 C:\xampp\htdocs\InstantJob\system\CodeIgniter.php(832): App\Controllers\Home->marcar()
#4 C:\xampp\htdocs\InstantJob\system\CodeIgniter.php(419): CodeIgniter\CodeIgniter->runController(Object(App\Controllers\Home))
#5 C:\xampp\htdocs\InstantJob\system\CodeIgniter.php(326): CodeIgniter\CodeIgniter->handleRequest(NULL, Object(Config\Cache), false)
#6 C:\xampp\htdocs\InstantJob\public\index.php(37): CodeIgniter\CodeIgniter->run()
#7 {main}
ERROR - 2022-05-30 19:07:19 --> You have an error in your SQL syntax; check the manual that corresponds to your MariaDB server version for the right syntax to use near '?, '22', '2022-05-31')' at line 1
CRITICAL - 2022-05-30 19:07:19 --> Call to a member function getResultArray() on null
#0 C:\xampp\htdocs\InstantJob\system\View\View.php(210): include()
#1 C:\xampp\htdocs\InstantJob\system\View\View.php(213): CodeIgniter\View\View->CodeIgniter\View\{closure}()
#2 C:\xampp\htdocs\InstantJob\system\Common.php(1089): CodeIgniter\View\View->render('guardats', Array, true)
#3 C:\xampp\htdocs\InstantJob\app\Controllers\Home.php(627): view('guardats')
#4 C:\xampp\htdocs\InstantJob\system\CodeIgniter.php(832): App\Controllers\Home->marcar()
#5 C:\xampp\htdocs\InstantJob\system\CodeIgniter.php(419): CodeIgniter\CodeIgniter->runController(Object(App\Controllers\Home))
#6 C:\xampp\htdocs\InstantJob\system\CodeIgniter.php(326): CodeIgniter\CodeIgniter->handleRequest(NULL, Object(Config\Cache), false)
#7 C:\xampp\htdocs\InstantJob\public\index.php(37): CodeIgniter\CodeIgniter->run()
#8 {main}
ERROR - 2022-05-30 19:07:45 --> You have an error in your SQL syntax; check the manual that corresponds to your MariaDB server version for the right syntax to use near '?, '22', '2022-05-31')' at line 1
CRITICAL - 2022-05-30 19:09:11 --> Call to a member function getResultArray() on null
#0 C:\xampp\htdocs\InstantJob\system\View\View.php(210): include()
#1 C:\xampp\htdocs\InstantJob\system\View\View.php(213): CodeIgniter\View\View->CodeIgniter\View\{closure}()
#2 C:\xampp\htdocs\InstantJob\system\Common.php(1089): CodeIgniter\View\View->render('guardats', Array, true)
#3 C:\xampp\htdocs\InstantJob\app\Controllers\Home.php(627): view('guardats')
#4 C:\xampp\htdocs\InstantJob\system\CodeIgniter.php(832): App\Controllers\Home->marcar()
#5 C:\xampp\htdocs\InstantJob\system\CodeIgniter.php(419): CodeIgniter\CodeIgniter->runController(Object(App\Controllers\Home))
#6 C:\xampp\htdocs\InstantJob\system\CodeIgniter.php(326): CodeIgniter\CodeIgniter->handleRequest(NULL, Object(Config\Cache), false)
#7 C:\xampp\htdocs\InstantJob\public\index.php(37): CodeIgniter\CodeIgniter->run()
#8 {main}
CRITICAL - 2022-05-30 19:09:44 --> Call to a member function getResultArray() on null
#0 C:\xampp\htdocs\InstantJob\system\View\View.php(210): include()
#1 C:\xampp\htdocs\InstantJob\system\View\View.php(213): CodeIgniter\View\View->CodeIgniter\View\{closure}()
#2 C:\xampp\htdocs\InstantJob\system\Common.php(1089): CodeIgniter\View\View->render('guardats', Array, true)
#3 C:\xampp\htdocs\InstantJob\app\Controllers\Home.php(627): view('guardats')
#4 C:\xampp\htdocs\InstantJob\system\CodeIgniter.php(832): App\Controllers\Home->marcar()
#5 C:\xampp\htdocs\InstantJob\system\CodeIgniter.php(419): CodeIgniter\CodeIgniter->runController(Object(App\Controllers\Home))
#6 C:\xampp\htdocs\InstantJob\system\CodeIgniter.php(326): CodeIgniter\CodeIgniter->handleRequest(NULL, Object(Config\Cache), false)
#7 C:\xampp\htdocs\InstantJob\public\index.php(37): CodeIgniter\CodeIgniter->run()
#8 {main}
