CRITICAL - 2022-05-25 01:09:35 --> Cannot redeclare App\Controllers\Home::home()
#0 [internal function]: CodeIgniter\Debug\Exceptions->shutdownHandler()
#1 {main}
CRITICAL - 2022-05-25 01:22:43 --> Call to undefined function App\Controllers\formulariIniciSessio()
#0 C:\wamp64\www\InstantJob\system\CodeIgniter.php(832): App\Controllers\Home->form()
#1 C:\wamp64\www\InstantJob\system\CodeIgniter.php(419): CodeIgniter\CodeIgniter->runController(Object(App\Controllers\Home))
#2 C:\wamp64\www\InstantJob\system\CodeIgniter.php(326): CodeIgniter\CodeIgniter->handleRequest(NULL, Object(Config\Cache), false)
#3 C:\wamp64\www\InstantJob\public\index.php(37): CodeIgniter\CodeIgniter->run()
#4 {main}
CRITICAL - 2022-05-25 01:25:43 --> Call to undefined function App\Controllers\formulariIniciSessio()
#0 C:\wamp64\www\InstantJob\system\CodeIgniter.php(832): App\Controllers\Home->form()
#1 C:\wamp64\www\InstantJob\system\CodeIgniter.php(419): CodeIgniter\CodeIgniter->runController(Object(App\Controllers\Home))
#2 C:\wamp64\www\InstantJob\system\CodeIgniter.php(326): CodeIgniter\CodeIgniter->handleRequest(NULL, Object(Config\Cache), false)
#3 C:\wamp64\www\InstantJob\public\index.php(37): CodeIgniter\CodeIgniter->run()
#4 {main}
CRITICAL - 2022-05-25 11:27:48 --> syntax error, unexpected end of file
#0 P:\Wamp\www\InstantJob\system\View\View.php(213): CodeIgniter\View\View->CodeIgniter\View\{closure}()
#1 P:\Wamp\www\InstantJob\system\Common.php(1089): CodeIgniter\View\View->render('pujaProductes.p...', Array, true)
#2 P:\Wamp\www\InstantJob\app\Controllers\Home.php(41): view('pujaProductes.p...')
#3 P:\Wamp\www\InstantJob\system\CodeIgniter.php(832): App\Controllers\Home->pujaProductes()
#4 P:\Wamp\www\InstantJob\system\CodeIgniter.php(419): CodeIgniter\CodeIgniter->runController(Object(App\Controllers\Home))
#5 P:\Wamp\www\InstantJob\system\CodeIgniter.php(326): CodeIgniter\CodeIgniter->handleRequest(NULL, Object(Config\Cache), false)
#6 P:\Wamp\www\InstantJob\public\index.php(37): CodeIgniter\CodeIgniter->run()
#7 {main}
