<<<<<<< HEAD
CRITICAL - 2022-05-26 02:32:33 --> Cannot use object of type mysqli as array
#0 C:\wamp64\www\InstantJob\system\View\View.php(210): include()
#1 C:\wamp64\www\InstantJob\system\View\View.php(213): CodeIgniter\View\View->CodeIgniter\View\{closure}()
#2 C:\wamp64\www\InstantJob\system\Common.php(1089): CodeIgniter\View\View->render('iniciar_sesion', Array, true)
#3 C:\wamp64\www\InstantJob\app\Controllers\Home.php(193): view('iniciar_sesion', Array)
#4 C:\wamp64\www\InstantJob\system\CodeIgniter.php(832): App\Controllers\Home->mostrarArxius()
#5 C:\wamp64\www\InstantJob\system\CodeIgniter.php(419): CodeIgniter\CodeIgniter->runController(Object(App\Controllers\Home))
#6 C:\wamp64\www\InstantJob\system\CodeIgniter.php(326): CodeIgniter\CodeIgniter->handleRequest(NULL, Object(Config\Cache), false)
#7 C:\wamp64\www\InstantJob\public\index.php(37): CodeIgniter\CodeIgniter->run()
#8 {main}
CRITICAL - 2022-05-26 02:34:03 --> Object of class CodeIgniter\Database\MySQLi\Result could not be converted to string
#0 C:\wamp64\www\InstantJob\system\View\View.php(210): include()
#1 C:\wamp64\www\InstantJob\system\View\View.php(213): CodeIgniter\View\View->CodeIgniter\View\{closure}()
#2 C:\wamp64\www\InstantJob\system\Common.php(1089): CodeIgniter\View\View->render('iniciar_sesion', Array, true)
#3 C:\wamp64\www\InstantJob\app\Controllers\Home.php(193): view('iniciar_sesion', Array)
#4 C:\wamp64\www\InstantJob\system\CodeIgniter.php(832): App\Controllers\Home->mostrarArxius()
#5 C:\wamp64\www\InstantJob\system\CodeIgniter.php(419): CodeIgniter\CodeIgniter->runController(Object(App\Controllers\Home))
#6 C:\wamp64\www\InstantJob\system\CodeIgniter.php(326): CodeIgniter\CodeIgniter->handleRequest(NULL, Object(Config\Cache), false)
#7 C:\wamp64\www\InstantJob\public\index.php(37): CodeIgniter\CodeIgniter->run()
#8 {main}
CRITICAL - 2022-05-26 02:39:52 --> Object of class CodeIgniter\Database\MySQLi\Result could not be converted to string
#0 C:\wamp64\www\InstantJob\system\CodeIgniter.php(832): App\Controllers\Home->mostrarArxius()
#1 C:\wamp64\www\InstantJob\system\CodeIgniter.php(419): CodeIgniter\CodeIgniter->runController(Object(App\Controllers\Home))
#2 C:\wamp64\www\InstantJob\system\CodeIgniter.php(326): CodeIgniter\CodeIgniter->handleRequest(NULL, Object(Config\Cache), false)
#3 C:\wamp64\www\InstantJob\public\index.php(37): CodeIgniter\CodeIgniter->run()
#4 {main}
CRITICAL - 2022-05-26 02:45:16 --> Object of class CodeIgniter\Database\MySQLi\Connection could not be converted to string
#0 C:\wamp64\www\InstantJob\system\CodeIgniter.php(832): App\Controllers\Home->mostrarArxius()
#1 C:\wamp64\www\InstantJob\system\CodeIgniter.php(419): CodeIgniter\CodeIgniter->runController(Object(App\Controllers\Home))
#2 C:\wamp64\www\InstantJob\system\CodeIgniter.php(326): CodeIgniter\CodeIgniter->handleRequest(NULL, Object(Config\Cache), false)
#3 C:\wamp64\www\InstantJob\public\index.php(37): CodeIgniter\CodeIgniter->run()
#4 {main}
CRITICAL - 2022-05-26 02:47:08 --> Object of class CodeIgniter\Database\MySQLi\Connection could not be converted to string
#0 C:\wamp64\www\InstantJob\system\CodeIgniter.php(832): App\Controllers\Home->mostrarArxius()
#1 C:\wamp64\www\InstantJob\system\CodeIgniter.php(419): CodeIgniter\CodeIgniter->runController(Object(App\Controllers\Home))
#2 C:\wamp64\www\InstantJob\system\CodeIgniter.php(326): CodeIgniter\CodeIgniter->handleRequest(NULL, Object(Config\Cache), false)
#3 C:\wamp64\www\InstantJob\public\index.php(37): CodeIgniter\CodeIgniter->run()
#4 {main}
ERROR - 2022-05-26 03:01:54 --> Table 'final.users' doesn't exist
CRITICAL - 2022-05-26 03:01:55 --> Call to a member function getResultArray() on bool
#0 C:\wamp64\www\InstantJob\system\View\View.php(210): include()
#1 C:\wamp64\www\InstantJob\system\View\View.php(213): CodeIgniter\View\View->CodeIgniter\View\{closure}()
#2 C:\wamp64\www\InstantJob\system\Common.php(1089): CodeIgniter\View\View->render('iniciar_sesion', Array, true)
#3 C:\wamp64\www\InstantJob\app\Controllers\Home.php(192): view('iniciar_sesion', Array)
#4 C:\wamp64\www\InstantJob\system\CodeIgniter.php(832): App\Controllers\Home->mostrarArxius()
#5 C:\wamp64\www\InstantJob\system\CodeIgniter.php(419): CodeIgniter\CodeIgniter->runController(Object(App\Controllers\Home))
#6 C:\wamp64\www\InstantJob\system\CodeIgniter.php(326): CodeIgniter\CodeIgniter->handleRequest(NULL, Object(Config\Cache), false)
#7 C:\wamp64\www\InstantJob\public\index.php(37): CodeIgniter\CodeIgniter->run()
#8 {main}
ERROR - 2022-05-26 03:03:01 --> Table 'final.users' doesn't exist
CRITICAL - 2022-05-26 03:03:01 --> Call to a member function getResultArray() on bool
#0 C:\wamp64\www\InstantJob\system\View\View.php(210): include()
#1 C:\wamp64\www\InstantJob\system\View\View.php(213): CodeIgniter\View\View->CodeIgniter\View\{closure}()
#2 C:\wamp64\www\InstantJob\system\Common.php(1089): CodeIgniter\View\View->render('iniciar_sesion', Array, true)
#3 C:\wamp64\www\InstantJob\app\Controllers\Home.php(191): view('iniciar_sesion')
#4 C:\wamp64\www\InstantJob\system\CodeIgniter.php(832): App\Controllers\Home->mostrarArxius()
=======
CRITICAL - 2022-05-26 01:32:52 --> Unsupported operand types: string + string
#0 C:\wamp64\www\InstantJob\system\View\View.php(210): include()
#1 C:\wamp64\www\InstantJob\system\View\View.php(213): CodeIgniter\View\View->CodeIgniter\View\{closure}()
#2 C:\wamp64\www\InstantJob\system\Common.php(1089): CodeIgniter\View\View->render('iniciar_sesion', Array, true)
#3 C:\wamp64\www\InstantJob\app\Controllers\Home.php(165): view('iniciar_sesion', Array)
#4 C:\wamp64\www\InstantJob\system\CodeIgniter.php(832): App\Controllers\Home->formulariIniciSessio()
>>>>>>> 3872ee49fe07d654f35593d8b4dac4a6ce287da9
#5 C:\wamp64\www\InstantJob\system\CodeIgniter.php(419): CodeIgniter\CodeIgniter->runController(Object(App\Controllers\Home))
#6 C:\wamp64\www\InstantJob\system\CodeIgniter.php(326): CodeIgniter\CodeIgniter->handleRequest(NULL, Object(Config\Cache), false)
#7 C:\wamp64\www\InstantJob\public\index.php(37): CodeIgniter\CodeIgniter->run()
#8 {main}
CRITICAL - 2022-05-26 03:28:51 --> Call to a member function getResultArray() on null
#0 C:\wamp64\www\InstantJob\system\View\View.php(210): include()
#1 C:\wamp64\www\InstantJob\system\View\View.php(213): CodeIgniter\View\View->CodeIgniter\View\{closure}()
#2 C:\wamp64\www\InstantJob\system\Common.php(1089): CodeIgniter\View\View->render('iniciar_sesion', Array, true)
#3 C:\wamp64\www\InstantJob\app\Controllers\Home.php(25): view('iniciar_sesion')
#4 C:\wamp64\www\InstantJob\system\CodeIgniter.php(832): App\Controllers\Home->home()
#5 C:\wamp64\www\InstantJob\system\CodeIgniter.php(419): CodeIgniter\CodeIgniter->runController(Object(App\Controllers\Home))
#6 C:\wamp64\www\InstantJob\system\CodeIgniter.php(326): CodeIgniter\CodeIgniter->handleRequest(NULL, Object(Config\Cache), false)
#7 C:\wamp64\www\InstantJob\public\index.php(37): CodeIgniter\CodeIgniter->run()
#8 {main}
CRITICAL - 2022-05-26 03:28:59 --> Call to a member function getResultArray() on null
#0 C:\wamp64\www\InstantJob\system\View\View.php(210): include()
#1 C:\wamp64\www\InstantJob\system\View\View.php(213): CodeIgniter\View\View->CodeIgniter\View\{closure}()
#2 C:\wamp64\www\InstantJob\system\Common.php(1089): CodeIgniter\View\View->render('iniciar_sesion', Array, true)
#3 C:\wamp64\www\InstantJob\app\Controllers\Home.php(20): view('iniciar_sesion')
#4 C:\wamp64\www\InstantJob\system\CodeIgniter.php(832): App\Controllers\Home->index()
#5 C:\wamp64\www\InstantJob\system\CodeIgniter.php(419): CodeIgniter\CodeIgniter->runController(Object(App\Controllers\Home))
#6 C:\wamp64\www\InstantJob\system\CodeIgniter.php(326): CodeIgniter\CodeIgniter->handleRequest(NULL, Object(Config\Cache), false)
#7 C:\wamp64\www\InstantJob\public\index.php(37): CodeIgniter\CodeIgniter->run()
#8 {main}
CRITICAL - 2022-05-26 03:15:21 --> ini_set(): Session ini settings cannot be changed when a session is active
#0 [internal function]: CodeIgniter\Debug\Exceptions->errorHandler(2, 'ini_set(): Sess...', 'C:\\wamp64\\www\\I...', 71)
#1 C:\wamp64\www\InstantJob\system\Session\Handlers\FileHandler.php(71): ini_set('session.save_pa...', 'C:\\wamp64\\www\\I...')
#2 C:\wamp64\www\InstantJob\system\Config\Services.php(570): CodeIgniter\Session\Handlers\FileHandler->__construct(Object(Config\App), '127.0.0.1')
#3 C:\wamp64\www\InstantJob\system\Config\BaseService.php(248): CodeIgniter\Config\Services::session(Object(Config\App), false)
#4 C:\wamp64\www\InstantJob\system\Config\BaseService.php(189): CodeIgniter\Config\BaseService::__callStatic('session', Array)
#5 C:\wamp64\www\InstantJob\system\Config\Services.php(563): CodeIgniter\Config\BaseService::getSharedInstance('session', NULL)
#6 C:\wamp64\www\InstantJob\system\Config\BaseService.php(248): CodeIgniter\Config\Services::session()
#7 C:\wamp64\www\InstantJob\system\Common.php(901): CodeIgniter\Config\BaseService::__callStatic('session', Array)
#8 C:\wamp64\www\InstantJob\app\Views\avis_legal.php(42): session()
#9 C:\wamp64\www\InstantJob\system\View\View.php(210): include('C:\\wamp64\\www\\I...')
#10 C:\wamp64\www\InstantJob\system\View\View.php(213): CodeIgniter\View\View->CodeIgniter\View\{closure}()
#11 C:\wamp64\www\InstantJob\system\Common.php(1089): CodeIgniter\View\View->render('avis_legal', Array, true)
#12 C:\wamp64\www\InstantJob\app\Controllers\Home.php(30): view('avis_legal')
#13 C:\wamp64\www\InstantJob\system\CodeIgniter.php(832): App\Controllers\Home->avislegal()
#14 C:\wamp64\www\InstantJob\system\CodeIgniter.php(419): CodeIgniter\CodeIgniter->runController(Object(App\Controllers\Home))
#15 C:\wamp64\www\InstantJob\system\CodeIgniter.php(326): CodeIgniter\CodeIgniter->handleRequest(NULL, Object(Config\Cache), false)
#16 C:\wamp64\www\InstantJob\public\index.php(37): CodeIgniter\CodeIgniter->run()
#17 {main}
CRITICAL - 2022-05-26 03:15:21 --> ini_set(): Session ini settings cannot be changed when a session is active
#0 [internal function]: CodeIgniter\Debug\Exceptions->errorHandler(2, 'ini_set(): Sess...', 'C:\\wamp64\\www\\I...', 71)
#1 C:\wamp64\www\InstantJob\system\Session\Handlers\FileHandler.php(71): ini_set('session.save_pa...', 'C:\\wamp64\\www\\I...')
#2 C:\wamp64\www\InstantJob\system\Config\Services.php(570): CodeIgniter\Session\Handlers\FileHandler->__construct(Object(Config\App), '127.0.0.1')
#3 C:\wamp64\www\InstantJob\system\Config\BaseService.php(248): CodeIgniter\Config\Services::session(Object(Config\App), false)
#4 C:\wamp64\www\InstantJob\system\Config\BaseService.php(189): CodeIgniter\Config\BaseService::__callStatic('session', Array)
#5 C:\wamp64\www\InstantJob\system\Config\Services.php(563): CodeIgniter\Config\BaseService::getSharedInstance('session', NULL)
#6 C:\wamp64\www\InstantJob\system\Config\BaseService.php(248): CodeIgniter\Config\Services::session()
#7 C:\wamp64\www\InstantJob\system\Common.php(901): CodeIgniter\Config\BaseService::__callStatic('session', Array)
#8 C:\wamp64\www\InstantJob\app\Views\avis_legal.php(42): session()
#9 C:\wamp64\www\InstantJob\system\View\View.php(210): include('C:\\wamp64\\www\\I...')
#10 C:\wamp64\www\InstantJob\system\View\View.php(213): CodeIgniter\View\View->CodeIgniter\View\{closure}()
#11 C:\wamp64\www\InstantJob\system\Common.php(1089): CodeIgniter\View\View->render('avis_legal', Array, true)
#12 C:\wamp64\www\InstantJob\app\Controllers\Home.php(30): view('avis_legal')
#13 C:\wamp64\www\InstantJob\system\CodeIgniter.php(832): App\Controllers\Home->avislegal()
#14 C:\wamp64\www\InstantJob\system\CodeIgniter.php(419): CodeIgniter\CodeIgniter->runController(Object(App\Controllers\Home))
#15 C:\wamp64\www\InstantJob\system\CodeIgniter.php(326): CodeIgniter\CodeIgniter->handleRequest(NULL, Object(Config\Cache), false)
#16 C:\wamp64\www\InstantJob\public\index.php(37): CodeIgniter\CodeIgniter->run()
#17 {main}
CRITICAL - 2022-05-26 03:15:28 --> ini_set(): Session ini settings cannot be changed when a session is active
#0 [internal function]: CodeIgniter\Debug\Exceptions->errorHandler(2, 'ini_set(): Sess...', 'C:\\wamp64\\www\\I...', 71)
#1 C:\wamp64\www\InstantJob\system\Session\Handlers\FileHandler.php(71): ini_set('session.save_pa...', 'C:\\wamp64\\www\\I...')
#2 C:\wamp64\www\InstantJob\system\Config\Services.php(570): CodeIgniter\Session\Handlers\FileHandler->__construct(Object(Config\App), '127.0.0.1')
#3 C:\wamp64\www\InstantJob\system\Config\BaseService.php(248): CodeIgniter\Config\Services::session(Object(Config\App), false)
#4 C:\wamp64\www\InstantJob\system\Config\BaseService.php(189): CodeIgniter\Config\BaseService::__callStatic('session', Array)
#5 C:\wamp64\www\InstantJob\system\Config\Services.php(563): CodeIgniter\Config\BaseService::getSharedInstance('session', NULL)
#6 C:\wamp64\www\InstantJob\system\Config\BaseService.php(248): CodeIgniter\Config\Services::session()
#7 C:\wamp64\www\InstantJob\system\Common.php(901): CodeIgniter\Config\BaseService::__callStatic('session', Array)
#8 C:\wamp64\www\InstantJob\app\Views\politica_privacitat.php(42): session()
#9 C:\wamp64\www\InstantJob\system\View\View.php(210): include('C:\\wamp64\\www\\I...')
#10 C:\wamp64\www\InstantJob\system\View\View.php(213): CodeIgniter\View\View->CodeIgniter\View\{closure}()
#11 C:\wamp64\www\InstantJob\system\Common.php(1089): CodeIgniter\View\View->render('politica_privac...', Array, true)
#12 C:\wamp64\www\InstantJob\app\Controllers\Home.php(35): view('politica_privac...')
#13 C:\wamp64\www\InstantJob\system\CodeIgniter.php(832): App\Controllers\Home->politicaprivacitat()
#14 C:\wamp64\www\InstantJob\system\CodeIgniter.php(419): CodeIgniter\CodeIgniter->runController(Object(App\Controllers\Home))
#15 C:\wamp64\www\InstantJob\system\CodeIgniter.php(326): CodeIgniter\CodeIgniter->handleRequest(NULL, Object(Config\Cache), false)
#16 C:\wamp64\www\InstantJob\public\index.php(37): CodeIgniter\CodeIgniter->run()
#17 {main}
CRITICAL - 2022-05-26 03:15:46 --> ini_set(): Session ini settings cannot be changed when a session is active
#0 [internal function]: CodeIgniter\Debug\Exceptions->errorHandler(2, 'ini_set(): Sess...', 'C:\\wamp64\\www\\I...', 71)
#1 C:\wamp64\www\InstantJob\system\Session\Handlers\FileHandler.php(71): ini_set('session.save_pa...', 'C:\\wamp64\\www\\I...')
#2 C:\wamp64\www\InstantJob\system\Config\Services.php(570): CodeIgniter\Session\Handlers\FileHandler->__construct(Object(Config\App), '127.0.0.1')
#3 C:\wamp64\www\InstantJob\system\Config\BaseService.php(248): CodeIgniter\Config\Services::session(Object(Config\App), false)
#4 C:\wamp64\www\InstantJob\system\Config\BaseService.php(189): CodeIgniter\Config\BaseService::__callStatic('session', Array)
#5 C:\wamp64\www\InstantJob\system\Config\Services.php(563): CodeIgniter\Config\BaseService::getSharedInstance('session', NULL)
#6 C:\wamp64\www\InstantJob\system\Config\BaseService.php(248): CodeIgniter\Config\Services::session()
#7 C:\wamp64\www\InstantJob\system\Common.php(901): CodeIgniter\Config\BaseService::__callStatic('session', Array)
#8 C:\wamp64\www\InstantJob\app\Views\avis_legal.php(42): session()
#9 C:\wamp64\www\InstantJob\system\View\View.php(210): include('C:\\wamp64\\www\\I...')
#10 C:\wamp64\www\InstantJob\system\View\View.php(213): CodeIgniter\View\View->CodeIgniter\View\{closure}()
#11 C:\wamp64\www\InstantJob\system\Common.php(1089): CodeIgniter\View\View->render('avis_legal', Array, true)
#12 C:\wamp64\www\InstantJob\app\Controllers\Home.php(30): view('avis_legal')
#13 C:\wamp64\www\InstantJob\system\CodeIgniter.php(832): App\Controllers\Home->avislegal()
#14 C:\wamp64\www\InstantJob\system\CodeIgniter.php(419): CodeIgniter\CodeIgniter->runController(Object(App\Controllers\Home))
#15 C:\wamp64\www\InstantJob\system\CodeIgniter.php(326): CodeIgniter\CodeIgniter->handleRequest(NULL, Object(Config\Cache), false)
#16 C:\wamp64\www\InstantJob\public\index.php(37): CodeIgniter\CodeIgniter->run()
#17 {main}
CRITICAL - 2022-05-26 03:19:41 --> ini_set(): Session ini settings cannot be changed when a session is active
#0 [internal function]: CodeIgniter\Debug\Exceptions->errorHandler(2, 'ini_set(): Sess...', 'C:\\wamp64\\www\\I...', 71)
#1 C:\wamp64\www\InstantJob\system\Session\Handlers\FileHandler.php(71): ini_set('session.save_pa...', 'C:\\wamp64\\www\\I...')
#2 C:\wamp64\www\InstantJob\system\Config\Services.php(570): CodeIgniter\Session\Handlers\FileHandler->__construct(Object(Config\App), '127.0.0.1')
#3 C:\wamp64\www\InstantJob\system\Config\BaseService.php(248): CodeIgniter\Config\Services::session(Object(Config\App), false)
#4 C:\wamp64\www\InstantJob\system\Config\BaseService.php(189): CodeIgniter\Config\BaseService::__callStatic('session', Array)
#5 C:\wamp64\www\InstantJob\system\Config\Services.php(563): CodeIgniter\Config\BaseService::getSharedInstance('session', NULL)
#6 C:\wamp64\www\InstantJob\system\Config\BaseService.php(248): CodeIgniter\Config\Services::session()
#7 C:\wamp64\www\InstantJob\system\Common.php(901): CodeIgniter\Config\BaseService::__callStatic('session', Array)
#8 C:\wamp64\www\InstantJob\app\Views\politica_privacitat.php(42): session()
#9 C:\wamp64\www\InstantJob\system\View\View.php(210): include('C:\\wamp64\\www\\I...')
#10 C:\wamp64\www\InstantJob\system\View\View.php(213): CodeIgniter\View\View->CodeIgniter\View\{closure}()
#11 C:\wamp64\www\InstantJob\system\Common.php(1089): CodeIgniter\View\View->render('politica_privac...', Array, true)
#12 C:\wamp64\www\InstantJob\app\Controllers\Home.php(35): view('politica_privac...')
#13 C:\wamp64\www\InstantJob\system\CodeIgniter.php(832): App\Controllers\Home->politicaprivacitat()
#14 C:\wamp64\www\InstantJob\system\CodeIgniter.php(419): CodeIgniter\CodeIgniter->runController(Object(App\Controllers\Home))
#15 C:\wamp64\www\InstantJob\system\CodeIgniter.php(326): CodeIgniter\CodeIgniter->handleRequest(NULL, Object(Config\Cache), false)
#16 C:\wamp64\www\InstantJob\public\index.php(37): CodeIgniter\CodeIgniter->run()
#17 {main}
CRITICAL - 2022-05-26 03:19:55 --> ini_set(): Session ini settings cannot be changed when a session is active
#0 [internal function]: CodeIgniter\Debug\Exceptions->errorHandler(2, 'ini_set(): Sess...', 'C:\\wamp64\\www\\I...', 71)
#1 C:\wamp64\www\InstantJob\system\Session\Handlers\FileHandler.php(71): ini_set('session.save_pa...', 'C:\\wamp64\\www\\I...')
#2 C:\wamp64\www\InstantJob\system\Config\Services.php(570): CodeIgniter\Session\Handlers\FileHandler->__construct(Object(Config\App), '127.0.0.1')
#3 C:\wamp64\www\InstantJob\system\Config\BaseService.php(248): CodeIgniter\Config\Services::session(Object(Config\App), false)
#4 C:\wamp64\www\InstantJob\system\Config\BaseService.php(189): CodeIgniter\Config\BaseService::__callStatic('session', Array)
#5 C:\wamp64\www\InstantJob\system\Config\Services.php(563): CodeIgniter\Config\BaseService::getSharedInstance('session', NULL)
#6 C:\wamp64\www\InstantJob\system\Config\BaseService.php(248): CodeIgniter\Config\Services::session()
#7 C:\wamp64\www\InstantJob\system\Common.php(901): CodeIgniter\Config\BaseService::__callStatic('session', Array)
#8 C:\wamp64\www\InstantJob\app\Views\politica_privacitat.php(42): session()
#9 C:\wamp64\www\InstantJob\system\View\View.php(210): include('C:\\wamp64\\www\\I...')
#10 C:\wamp64\www\InstantJob\system\View\View.php(213): CodeIgniter\View\View->CodeIgniter\View\{closure}()
#11 C:\wamp64\www\InstantJob\system\Common.php(1089): CodeIgniter\View\View->render('politica_privac...', Array, true)
#12 C:\wamp64\www\InstantJob\app\Controllers\Home.php(35): view('politica_privac...')
#13 C:\wamp64\www\InstantJob\system\CodeIgniter.php(832): App\Controllers\Home->politicaprivacitat()
#14 C:\wamp64\www\InstantJob\system\CodeIgniter.php(419): CodeIgniter\CodeIgniter->runController(Object(App\Controllers\Home))
#15 C:\wamp64\www\InstantJob\system\CodeIgniter.php(326): CodeIgniter\CodeIgniter->handleRequest(NULL, Object(Config\Cache), false)
#16 C:\wamp64\www\InstantJob\public\index.php(37): CodeIgniter\CodeIgniter->run()
#17 {main}
CRITICAL - 2022-05-26 03:19:58 --> ini_set(): Session ini settings cannot be changed when a session is active
#0 [internal function]: CodeIgniter\Debug\Exceptions->errorHandler(2, 'ini_set(): Sess...', 'C:\\wamp64\\www\\I...', 71)
#1 C:\wamp64\www\InstantJob\system\Session\Handlers\FileHandler.php(71): ini_set('session.save_pa...', 'C:\\wamp64\\www\\I...')
#2 C:\wamp64\www\InstantJob\system\Config\Services.php(570): CodeIgniter\Session\Handlers\FileHandler->__construct(Object(Config\App), '127.0.0.1')
#3 C:\wamp64\www\InstantJob\system\Config\BaseService.php(248): CodeIgniter\Config\Services::session(Object(Config\App), false)
#4 C:\wamp64\www\InstantJob\system\Config\BaseService.php(189): CodeIgniter\Config\BaseService::__callStatic('session', Array)
#5 C:\wamp64\www\InstantJob\system\Config\Services.php(563): CodeIgniter\Config\BaseService::getSharedInstance('session', NULL)
#6 C:\wamp64\www\InstantJob\system\Config\BaseService.php(248): CodeIgniter\Config\Services::session()
#7 C:\wamp64\www\InstantJob\system\Common.php(901): CodeIgniter\Config\BaseService::__callStatic('session', Array)
#8 C:\wamp64\www\InstantJob\app\Views\avis_legal.php(42): session()
#9 C:\wamp64\www\InstantJob\system\View\View.php(210): include('C:\\wamp64\\www\\I...')
#10 C:\wamp64\www\InstantJob\system\View\View.php(213): CodeIgniter\View\View->CodeIgniter\View\{closure}()
#11 C:\wamp64\www\InstantJob\system\Common.php(1089): CodeIgniter\View\View->render('avis_legal', Array, true)
#12 C:\wamp64\www\InstantJob\app\Controllers\Home.php(30): view('avis_legal')
#13 C:\wamp64\www\InstantJob\system\CodeIgniter.php(832): App\Controllers\Home->avislegal()
#14 C:\wamp64\www\InstantJob\system\CodeIgniter.php(419): CodeIgniter\CodeIgniter->runController(Object(App\Controllers\Home))
#15 C:\wamp64\www\InstantJob\system\CodeIgniter.php(326): CodeIgniter\CodeIgniter->handleRequest(NULL, Object(Config\Cache), false)
#16 C:\wamp64\www\InstantJob\public\index.php(37): CodeIgniter\CodeIgniter->run()
#17 {main}
CRITICAL - 2022-05-26 03:20:25 --> ini_set(): Session ini settings cannot be changed when a session is active
#0 [internal function]: CodeIgniter\Debug\Exceptions->errorHandler(2, 'ini_set(): Sess...', 'C:\\wamp64\\www\\I...', 71)
#1 C:\wamp64\www\InstantJob\system\Session\Handlers\FileHandler.php(71): ini_set('session.save_pa...', 'C:\\wamp64\\www\\I...')
#2 C:\wamp64\www\InstantJob\system\Config\Services.php(570): CodeIgniter\Session\Handlers\FileHandler->__construct(Object(Config\App), '127.0.0.1')
#3 C:\wamp64\www\InstantJob\system\Config\BaseService.php(248): CodeIgniter\Config\Services::session(Object(Config\App), false)
#4 C:\wamp64\www\InstantJob\system\Config\BaseService.php(189): CodeIgniter\Config\BaseService::__callStatic('session', Array)
#5 C:\wamp64\www\InstantJob\system\Config\Services.php(563): CodeIgniter\Config\BaseService::getSharedInstance('session', NULL)
#6 C:\wamp64\www\InstantJob\system\Config\BaseService.php(248): CodeIgniter\Config\Services::session()
#7 C:\wamp64\www\InstantJob\system\Common.php(901): CodeIgniter\Config\BaseService::__callStatic('session', Array)
#8 C:\wamp64\www\InstantJob\app\Views\politica_de_cookies.php(42): session()
#9 C:\wamp64\www\InstantJob\system\View\View.php(210): include('C:\\wamp64\\www\\I...')
#10 C:\wamp64\www\InstantJob\system\View\View.php(213): CodeIgniter\View\View->CodeIgniter\View\{closure}()
#11 C:\wamp64\www\InstantJob\system\Common.php(1089): CodeIgniter\View\View->render('politica_de_coo...', Array, true)
#12 C:\wamp64\www\InstantJob\app\Controllers\Home.php(40): view('politica_de_coo...')
#13 C:\wamp64\www\InstantJob\system\CodeIgniter.php(832): App\Controllers\Home->politicacookies()
#14 C:\wamp64\www\InstantJob\system\CodeIgniter.php(419): CodeIgniter\CodeIgniter->runController(Object(App\Controllers\Home))
#15 C:\wamp64\www\InstantJob\system\CodeIgniter.php(326): CodeIgniter\CodeIgniter->handleRequest(NULL, Object(Config\Cache), false)
#16 C:\wamp64\www\InstantJob\public\index.php(37): CodeIgniter\CodeIgniter->run()
#17 {main}
