CRITICAL - 2022-05-27 01:30:53 --> Call to a member function helper() on null
#0 C:\wamp64\www\InstantJob\system\View\View.php(210): include()
#1 C:\wamp64\www\InstantJob\system\View\View.php(213): CodeIgniter\View\View->CodeIgniter\View\{closure}()
#2 C:\wamp64\www\InstantJob\system\Common.php(1089): CodeIgniter\View\View->render('iniciar_sesion', Array, true)
#3 C:\wamp64\www\InstantJob\app\Controllers\Home.php(42): view('iniciar_sesion', Array)
#4 C:\wamp64\www\InstantJob\system\CodeIgniter.php(832): App\Controllers\Home->home()
#5 C:\wamp64\www\InstantJob\system\CodeIgniter.php(419): CodeIgniter\CodeIgniter->runController(Object(App\Controllers\Home))
#6 C:\wamp64\www\InstantJob\system\CodeIgniter.php(326): CodeIgniter\CodeIgniter->handleRequest(NULL, Object(Config\Cache), false)
#7 C:\wamp64\www\InstantJob\public\index.php(37): CodeIgniter\CodeIgniter->run()
#8 {main}
CRITICAL - 2022-05-27 01:31:02 --> Call to a member function helper() on null
#0 C:\wamp64\www\InstantJob\system\View\View.php(210): include()
#1 C:\wamp64\www\InstantJob\system\View\View.php(213): CodeIgniter\View\View->CodeIgniter\View\{closure}()
#2 C:\wamp64\www\InstantJob\system\Common.php(1089): CodeIgniter\View\View->render('iniciar_sesion', Array, true)
#3 C:\wamp64\www\InstantJob\app\Controllers\Home.php(42): view('iniciar_sesion', Array)
#4 C:\wamp64\www\InstantJob\system\CodeIgniter.php(832): App\Controllers\Home->home()
#5 C:\wamp64\www\InstantJob\system\CodeIgniter.php(419): CodeIgniter\CodeIgniter->runController(Object(App\Controllers\Home))
#6 C:\wamp64\www\InstantJob\system\CodeIgniter.php(326): CodeIgniter\CodeIgniter->handleRequest(NULL, Object(Config\Cache), false)
#7 C:\wamp64\www\InstantJob\public\index.php(37): CodeIgniter\CodeIgniter->run()
#8 {main}
CRITICAL - 2022-05-27 01:32:51 --> Unsupported operand types
#0 C:\wamp64\www\InstantJob\system\View\View.php(210): include()
#1 C:\wamp64\www\InstantJob\system\View\View.php(213): CodeIgniter\View\View->CodeIgniter\View\{closure}()
#2 C:\wamp64\www\InstantJob\system\Common.php(1089): CodeIgniter\View\View->render('iniciar_sesion', Array, true)
#3 C:\wamp64\www\InstantJob\app\Controllers\Home.php(42): view('iniciar_sesion', Array)
#4 C:\wamp64\www\InstantJob\system\CodeIgniter.php(832): App\Controllers\Home->home()
#5 C:\wamp64\www\InstantJob\system\CodeIgniter.php(419): CodeIgniter\CodeIgniter->runController(Object(App\Controllers\Home))
#6 C:\wamp64\www\InstantJob\system\CodeIgniter.php(326): CodeIgniter\CodeIgniter->handleRequest(NULL, Object(Config\Cache), false)
#7 C:\wamp64\www\InstantJob\public\index.php(37): CodeIgniter\CodeIgniter->run()
#8 {main}
CRITICAL - 2022-05-27 01:33:11 --> Unsupported operand types
#0 C:\wamp64\www\InstantJob\system\View\View.php(210): include()
#1 C:\wamp64\www\InstantJob\system\View\View.php(213): CodeIgniter\View\View->CodeIgniter\View\{closure}()
#2 C:\wamp64\www\InstantJob\system\Common.php(1089): CodeIgniter\View\View->render('iniciar_sesion', Array, true)
#3 C:\wamp64\www\InstantJob\app\Controllers\Home.php(42): view('iniciar_sesion', Array)
#4 C:\wamp64\www\InstantJob\system\CodeIgniter.php(832): App\Controllers\Home->home()
#5 C:\wamp64\www\InstantJob\system\CodeIgniter.php(419): CodeIgniter\CodeIgniter->runController(Object(App\Controllers\Home))
#6 C:\wamp64\www\InstantJob\system\CodeIgniter.php(326): CodeIgniter\CodeIgniter->handleRequest(NULL, Object(Config\Cache), false)
#7 C:\wamp64\www\InstantJob\public\index.php(37): CodeIgniter\CodeIgniter->run()
#8 {main}
CRITICAL - 2022-05-27 01:39:18 --> array_push() expects parameter 1 to be array, null given
#0 [internal function]: CodeIgniter\Debug\Exceptions->errorHandler(2, 'array_push() ex...', 'C:\\wamp64\\www\\I...', 374, Array)
#1 C:\wamp64\www\InstantJob\app\Views\iniciar_sesion.php(374): array_push(NULL, '1', Array)
#2 C:\wamp64\www\InstantJob\system\View\View.php(210): include('C:\\wamp64\\www\\I...')
#3 C:\wamp64\www\InstantJob\system\View\View.php(213): CodeIgniter\View\View->CodeIgniter\View\{closure}()
#4 C:\wamp64\www\InstantJob\system\Common.php(1089): CodeIgniter\View\View->render('iniciar_sesion', Array, true)
#5 C:\wamp64\www\InstantJob\app\Controllers\Home.php(42): view('iniciar_sesion', Array)
#6 C:\wamp64\www\InstantJob\system\CodeIgniter.php(832): App\Controllers\Home->home()
#7 C:\wamp64\www\InstantJob\system\CodeIgniter.php(419): CodeIgniter\CodeIgniter->runController(Object(App\Controllers\Home))
#8 C:\wamp64\www\InstantJob\system\CodeIgniter.php(326): CodeIgniter\CodeIgniter->handleRequest(NULL, Object(Config\Cache), false)
#9 C:\wamp64\www\InstantJob\public\index.php(37): CodeIgniter\CodeIgniter->run()
#10 {main}
CRITICAL - 2022-05-27 01:39:25 --> array_push() expects parameter 1 to be array, null given
#0 [internal function]: CodeIgniter\Debug\Exceptions->errorHandler(2, 'array_push() ex...', 'C:\\wamp64\\www\\I...', 374, Array)
#1 C:\wamp64\www\InstantJob\app\Views\iniciar_sesion.php(374): array_push(NULL, '1', Array)
#2 C:\wamp64\www\InstantJob\system\View\View.php(210): include('C:\\wamp64\\www\\I...')
#3 C:\wamp64\www\InstantJob\system\View\View.php(213): CodeIgniter\View\View->CodeIgniter\View\{closure}()
#4 C:\wamp64\www\InstantJob\system\Common.php(1089): CodeIgniter\View\View->render('iniciar_sesion', Array, true)
#5 C:\wamp64\www\InstantJob\app\Controllers\Home.php(42): view('iniciar_sesion', Array)
#6 C:\wamp64\www\InstantJob\system\CodeIgniter.php(832): App\Controllers\Home->home()
#7 C:\wamp64\www\InstantJob\system\CodeIgniter.php(419): CodeIgniter\CodeIgniter->runController(Object(App\Controllers\Home))
#8 C:\wamp64\www\InstantJob\system\CodeIgniter.php(326): CodeIgniter\CodeIgniter->handleRequest(NULL, Object(Config\Cache), false)
#9 C:\wamp64\www\InstantJob\public\index.php(37): CodeIgniter\CodeIgniter->run()
#10 {main}
CRITICAL - 2022-05-27 01:41:07 --> array_push() expects parameter 1 to be array, null given
#0 [internal function]: CodeIgniter\Debug\Exceptions->errorHandler(2, 'array_push() ex...', 'C:\\wamp64\\www\\I...', 374, Array)
#1 C:\wamp64\www\InstantJob\app\Views\iniciar_sesion.php(374): array_push(NULL, Array)
#2 C:\wamp64\www\InstantJob\system\View\View.php(210): include('C:\\wamp64\\www\\I...')
#3 C:\wamp64\www\InstantJob\system\View\View.php(213): CodeIgniter\View\View->CodeIgniter\View\{closure}()
#4 C:\wamp64\www\InstantJob\system\Common.php(1089): CodeIgniter\View\View->render('iniciar_sesion', Array, true)
#5 C:\wamp64\www\InstantJob\app\Controllers\Home.php(42): view('iniciar_sesion', Array)
#6 C:\wamp64\www\InstantJob\system\CodeIgniter.php(832): App\Controllers\Home->home()
#7 C:\wamp64\www\InstantJob\system\CodeIgniter.php(419): CodeIgniter\CodeIgniter->runController(Object(App\Controllers\Home))
#8 C:\wamp64\www\InstantJob\system\CodeIgniter.php(326): CodeIgniter\CodeIgniter->handleRequest(NULL, Object(Config\Cache), false)
#9 C:\wamp64\www\InstantJob\public\index.php(37): CodeIgniter\CodeIgniter->run()
#10 {main}
CRITICAL - 2022-05-27 02:16:16 --> array_push() expects parameter 1 to be array, null given
#0 [internal function]: CodeIgniter\Debug\Exceptions->errorHandler(2, 'array_push() ex...', 'C:\\wamp64\\www\\I...', 375, Array)
#1 C:\wamp64\www\InstantJob\app\Views\iniciar_sesion.php(375): array_push(NULL, Array)
#2 C:\wamp64\www\InstantJob\system\View\View.php(210): include('C:\\wamp64\\www\\I...')
#3 C:\wamp64\www\InstantJob\system\View\View.php(213): CodeIgniter\View\View->CodeIgniter\View\{closure}()
#4 C:\wamp64\www\InstantJob\system\Common.php(1089): CodeIgniter\View\View->render('iniciar_sesion', Array, true)
#5 C:\wamp64\www\InstantJob\app\Controllers\Home.php(42): view('iniciar_sesion', Array)
#6 C:\wamp64\www\InstantJob\system\CodeIgniter.php(832): App\Controllers\Home->home()
#7 C:\wamp64\www\InstantJob\system\CodeIgniter.php(419): CodeIgniter\CodeIgniter->runController(Object(App\Controllers\Home))
#8 C:\wamp64\www\InstantJob\system\CodeIgniter.php(326): CodeIgniter\CodeIgniter->handleRequest(NULL, Object(Config\Cache), false)
#9 C:\wamp64\www\InstantJob\public\index.php(37): CodeIgniter\CodeIgniter->run()
#10 {main}
CRITICAL - 2022-05-27 03:36:50 --> Call to a member function getResultArray() on array
#0 C:\wamp64\www\InstantJob\system\View\View.php(210): include()
#1 C:\wamp64\www\InstantJob\system\View\View.php(213): CodeIgniter\View\View->CodeIgniter\View\{closure}()
#2 C:\wamp64\www\InstantJob\system\Common.php(1089): CodeIgniter\View\View->render('iniciar_sesion', Array, true)
#3 C:\wamp64\www\InstantJob\app\Controllers\Home.php(42): view('iniciar_sesion', Array)
#4 C:\wamp64\www\InstantJob\system\CodeIgniter.php(832): App\Controllers\Home->home()
#5 C:\wamp64\www\InstantJob\system\CodeIgniter.php(419): CodeIgniter\CodeIgniter->runController(Object(App\Controllers\Home))
#6 C:\wamp64\www\InstantJob\system\CodeIgniter.php(326): CodeIgniter\CodeIgniter->handleRequest(NULL, Object(Config\Cache), false)
#7 C:\wamp64\www\InstantJob\public\index.php(37): CodeIgniter\CodeIgniter->run()
#8 {main}
