CRITICAL - 2022-05-19 05:21:29 --> Invalid file: index.html
#0 C:\wamp64\www\InstantJob\frontend\system\View\View.php(198): CodeIgniter\Exceptions\FrameworkException::forInvalidFile('index.html')
#1 C:\wamp64\www\InstantJob\frontend\system\Common.php(1089): CodeIgniter\View\View->render('index.html', Array, true)
#2 C:\wamp64\www\InstantJob\frontend\app\Controllers\Home.php(9): view('index.html')
#3 C:\wamp64\www\InstantJob\frontend\system\CodeIgniter.php(832): App\Controllers\Home->index()
#4 C:\wamp64\www\InstantJob\frontend\system\CodeIgniter.php(419): CodeIgniter\CodeIgniter->runController(Object(App\Controllers\Home))
#5 C:\wamp64\www\InstantJob\frontend\system\CodeIgniter.php(326): CodeIgniter\CodeIgniter->handleRequest(NULL, Object(Config\Cache), false)
#6 C:\wamp64\www\InstantJob\frontend\public\index.php(37): CodeIgniter\CodeIgniter->run()
#7 {main}
CRITICAL - 2022-05-19 05:21:30 --> Invalid file: index.html
#0 C:\wamp64\www\InstantJob\frontend\system\View\View.php(198): CodeIgniter\Exceptions\FrameworkException::forInvalidFile('index.html')
#1 C:\wamp64\www\InstantJob\frontend\system\Common.php(1089): CodeIgniter\View\View->render('index.html', Array, true)
#2 C:\wamp64\www\InstantJob\frontend\app\Controllers\Home.php(9): view('index.html')
#3 C:\wamp64\www\InstantJob\frontend\system\CodeIgniter.php(832): App\Controllers\Home->index()
#4 C:\wamp64\www\InstantJob\frontend\system\CodeIgniter.php(419): CodeIgniter\CodeIgniter->runController(Object(App\Controllers\Home))
#5 C:\wamp64\www\InstantJob\frontend\system\CodeIgniter.php(326): CodeIgniter\CodeIgniter->handleRequest(NULL, Object(Config\Cache), false)
#6 C:\wamp64\www\InstantJob\frontend\public\index.php(37): CodeIgniter\CodeIgniter->run()
#7 {main}
CRITICAL - 2022-05-19 05:21:31 --> Invalid file: index.html
#0 C:\wamp64\www\InstantJob\frontend\system\View\View.php(198): CodeIgniter\Exceptions\FrameworkException::forInvalidFile('index.html')
#1 C:\wamp64\www\InstantJob\frontend\system\Common.php(1089): CodeIgniter\View\View->render('index.html', Array, true)
#2 C:\wamp64\www\InstantJob\frontend\app\Controllers\Home.php(9): view('index.html')
#3 C:\wamp64\www\InstantJob\frontend\system\CodeIgniter.php(832): App\Controllers\Home->index()
#4 C:\wamp64\www\InstantJob\frontend\system\CodeIgniter.php(419): CodeIgniter\CodeIgniter->runController(Object(App\Controllers\Home))
#5 C:\wamp64\www\InstantJob\frontend\system\CodeIgniter.php(326): CodeIgniter\CodeIgniter->handleRequest(NULL, Object(Config\Cache), false)
#6 C:\wamp64\www\InstantJob\frontend\public\index.php(37): CodeIgniter\CodeIgniter->run()
#7 {main}
CRITICAL - 2022-05-19 05:21:31 --> Invalid file: index.html
#0 C:\wamp64\www\InstantJob\frontend\system\View\View.php(198): CodeIgniter\Exceptions\FrameworkException::forInvalidFile('index.html')
#1 C:\wamp64\www\InstantJob\frontend\system\Common.php(1089): CodeIgniter\View\View->render('index.html', Array, true)
#2 C:\wamp64\www\InstantJob\frontend\app\Controllers\Home.php(9): view('index.html')
#3 C:\wamp64\www\InstantJob\frontend\system\CodeIgniter.php(832): App\Controllers\Home->index()
#4 C:\wamp64\www\InstantJob\frontend\system\CodeIgniter.php(419): CodeIgniter\CodeIgniter->runController(Object(App\Controllers\Home))
#5 C:\wamp64\www\InstantJob\frontend\system\CodeIgniter.php(326): CodeIgniter\CodeIgniter->handleRequest(NULL, Object(Config\Cache), false)
#6 C:\wamp64\www\InstantJob\frontend\public\index.php(37): CodeIgniter\CodeIgniter->run()
#7 {main}
CRITICAL - 2022-05-19 05:21:32 --> Invalid file: index.html
#0 C:\wamp64\www\InstantJob\frontend\system\View\View.php(198): CodeIgniter\Exceptions\FrameworkException::forInvalidFile('index.html')
#1 C:\wamp64\www\InstantJob\frontend\system\Common.php(1089): CodeIgniter\View\View->render('index.html', Array, true)
#2 C:\wamp64\www\InstantJob\frontend\app\Controllers\Home.php(9): view('index.html')
#3 C:\wamp64\www\InstantJob\frontend\system\CodeIgniter.php(832): App\Controllers\Home->index()
#4 C:\wamp64\www\InstantJob\frontend\system\CodeIgniter.php(419): CodeIgniter\CodeIgniter->runController(Object(App\Controllers\Home))
#5 C:\wamp64\www\InstantJob\frontend\system\CodeIgniter.php(326): CodeIgniter\CodeIgniter->handleRequest(NULL, Object(Config\Cache), false)
#6 C:\wamp64\www\InstantJob\frontend\public\index.php(37): CodeIgniter\CodeIgniter->run()
#7 {main}
CRITICAL - 2022-05-19 05:21:45 --> Call to undefined function form_open()
#0 C:\wamp64\www\InstantJob\frontend\system\View\View.php(210): include()
#1 C:\wamp64\www\InstantJob\frontend\system\View\View.php(213): CodeIgniter\View\View->CodeIgniter\View\{closure}()
#2 C:\wamp64\www\InstantJob\frontend\system\Common.php(1089): CodeIgniter\View\View->render('index.php', Array, true)
#3 C:\wamp64\www\InstantJob\frontend\app\Controllers\Home.php(9): view('index.php')
#4 C:\wamp64\www\InstantJob\frontend\system\CodeIgniter.php(832): App\Controllers\Home->index()
#5 C:\wamp64\www\InstantJob\frontend\system\CodeIgniter.php(419): CodeIgniter\CodeIgniter->runController(Object(App\Controllers\Home))
#6 C:\wamp64\www\InstantJob\frontend\system\CodeIgniter.php(326): CodeIgniter\CodeIgniter->handleRequest(NULL, Object(Config\Cache), false)
#7 C:\wamp64\www\InstantJob\frontend\public\index.php(37): CodeIgniter\CodeIgniter->run()
#8 {main}
CRITICAL - 2022-05-19 05:21:46 --> Call to undefined function form_open()
#0 C:\wamp64\www\InstantJob\frontend\system\View\View.php(210): include()
#1 C:\wamp64\www\InstantJob\frontend\system\View\View.php(213): CodeIgniter\View\View->CodeIgniter\View\{closure}()
#2 C:\wamp64\www\InstantJob\frontend\system\Common.php(1089): CodeIgniter\View\View->render('index.php', Array, true)
#3 C:\wamp64\www\InstantJob\frontend\app\Controllers\Home.php(9): view('index.php')
#4 C:\wamp64\www\InstantJob\frontend\system\CodeIgniter.php(832): App\Controllers\Home->index()
#5 C:\wamp64\www\InstantJob\frontend\system\CodeIgniter.php(419): CodeIgniter\CodeIgniter->runController(Object(App\Controllers\Home))
#6 C:\wamp64\www\InstantJob\frontend\system\CodeIgniter.php(326): CodeIgniter\CodeIgniter->handleRequest(NULL, Object(Config\Cache), false)
#7 C:\wamp64\www\InstantJob\frontend\public\index.php(37): CodeIgniter\CodeIgniter->run()
#8 {main}
CRITICAL - 2022-05-19 05:21:46 --> Call to undefined function form_open()
#0 C:\wamp64\www\InstantJob\frontend\system\View\View.php(210): include()
#1 C:\wamp64\www\InstantJob\frontend\system\View\View.php(213): CodeIgniter\View\View->CodeIgniter\View\{closure}()
#2 C:\wamp64\www\InstantJob\frontend\system\Common.php(1089): CodeIgniter\View\View->render('index.php', Array, true)
#3 C:\wamp64\www\InstantJob\frontend\app\Controllers\Home.php(9): view('index.php')
#4 C:\wamp64\www\InstantJob\frontend\system\CodeIgniter.php(832): App\Controllers\Home->index()
#5 C:\wamp64\www\InstantJob\frontend\system\CodeIgniter.php(419): CodeIgniter\CodeIgniter->runController(Object(App\Controllers\Home))
#6 C:\wamp64\www\InstantJob\frontend\system\CodeIgniter.php(326): CodeIgniter\CodeIgniter->handleRequest(NULL, Object(Config\Cache), false)
#7 C:\wamp64\www\InstantJob\frontend\public\index.php(37): CodeIgniter\CodeIgniter->run()
#8 {main}
CRITICAL - 2022-05-19 05:21:50 --> Call to undefined function form_open()
#0 C:\wamp64\www\InstantJob\frontend\system\View\View.php(210): include()
#1 C:\wamp64\www\InstantJob\frontend\system\View\View.php(213): CodeIgniter\View\View->CodeIgniter\View\{closure}()
#2 C:\wamp64\www\InstantJob\frontend\system\Common.php(1089): CodeIgniter\View\View->render('index.php', Array, true)
#3 C:\wamp64\www\InstantJob\frontend\app\Controllers\Home.php(9): view('index.php')
#4 C:\wamp64\www\InstantJob\frontend\system\CodeIgniter.php(832): App\Controllers\Home->index()
#5 C:\wamp64\www\InstantJob\frontend\system\CodeIgniter.php(419): CodeIgniter\CodeIgniter->runController(Object(App\Controllers\Home))
#6 C:\wamp64\www\InstantJob\frontend\system\CodeIgniter.php(326): CodeIgniter\CodeIgniter->handleRequest(NULL, Object(Config\Cache), false)
#7 C:\wamp64\www\InstantJob\frontend\public\index.php(37): CodeIgniter\CodeIgniter->run()
#8 {main}
CRITICAL - 2022-05-19 05:22:14 --> Call to undefined function form_open()
#0 C:\wamp64\www\InstantJob\frontend\system\View\View.php(210): include()
#1 C:\wamp64\www\InstantJob\frontend\system\View\View.php(213): CodeIgniter\View\View->CodeIgniter\View\{closure}()
#2 C:\wamp64\www\InstantJob\frontend\system\Common.php(1089): CodeIgniter\View\View->render('index.php', Array, true)
#3 C:\wamp64\www\InstantJob\frontend\app\Controllers\Home.php(9): view('index.php')
#4 C:\wamp64\www\InstantJob\frontend\system\CodeIgniter.php(832): App\Controllers\Home->index()
#5 C:\wamp64\www\InstantJob\frontend\system\CodeIgniter.php(419): CodeIgniter\CodeIgniter->runController(Object(App\Controllers\Home))
#6 C:\wamp64\www\InstantJob\frontend\system\CodeIgniter.php(326): CodeIgniter\CodeIgniter->handleRequest(NULL, Object(Config\Cache), false)
#7 C:\wamp64\www\InstantJob\frontend\public\index.php(37): CodeIgniter\CodeIgniter->run()
#8 {main}
CRITICAL - 2022-05-19 05:23:25 --> Call to undefined function form_open()
#0 C:\wamp64\www\InstantJob\frontend\system\View\View.php(210): include()
#1 C:\wamp64\www\InstantJob\frontend\system\View\View.php(213): CodeIgniter\View\View->CodeIgniter\View\{closure}()
#2 C:\wamp64\www\InstantJob\frontend\system\Common.php(1089): CodeIgniter\View\View->render('index.php', Array, true)
#3 C:\wamp64\www\InstantJob\frontend\app\Controllers\Home.php(9): view('index.php')
#4 C:\wamp64\www\InstantJob\frontend\system\CodeIgniter.php(832): App\Controllers\Home->index()
#5 C:\wamp64\www\InstantJob\frontend\system\CodeIgniter.php(419): CodeIgniter\CodeIgniter->runController(Object(App\Controllers\Home))
#6 C:\wamp64\www\InstantJob\frontend\system\CodeIgniter.php(326): CodeIgniter\CodeIgniter->handleRequest(NULL, Object(Config\Cache), false)
#7 C:\wamp64\www\InstantJob\frontend\public\index.php(37): CodeIgniter\CodeIgniter->run()
#8 {main}
CRITICAL - 2022-05-19 05:23:54 --> Call to undefined function form_open()
#0 C:\wamp64\www\InstantJob\frontend\system\View\View.php(210): include()
#1 C:\wamp64\www\InstantJob\frontend\system\View\View.php(213): CodeIgniter\View\View->CodeIgniter\View\{closure}()
#2 C:\wamp64\www\InstantJob\frontend\system\Common.php(1089): CodeIgniter\View\View->render('index.php', Array, true)
#3 C:\wamp64\www\InstantJob\frontend\app\Controllers\Home.php(9): view('index.php')
#4 C:\wamp64\www\InstantJob\frontend\system\CodeIgniter.php(832): App\Controllers\Home->index()
#5 C:\wamp64\www\InstantJob\frontend\system\CodeIgniter.php(419): CodeIgniter\CodeIgniter->runController(Object(App\Controllers\Home))
#6 C:\wamp64\www\InstantJob\frontend\system\CodeIgniter.php(326): CodeIgniter\CodeIgniter->handleRequest(NULL, Object(Config\Cache), false)
#7 C:\wamp64\www\InstantJob\frontend\public\index.php(37): CodeIgniter\CodeIgniter->run()
#8 {main}
CRITICAL - 2022-05-19 05:23:54 --> Call to undefined function form_open()
#0 C:\wamp64\www\InstantJob\frontend\system\View\View.php(210): include()
#1 C:\wamp64\www\InstantJob\frontend\system\View\View.php(213): CodeIgniter\View\View->CodeIgniter\View\{closure}()
#2 C:\wamp64\www\InstantJob\frontend\system\Common.php(1089): CodeIgniter\View\View->render('index.php', Array, true)
#3 C:\wamp64\www\InstantJob\frontend\app\Controllers\Home.php(9): view('index.php')
#4 C:\wamp64\www\InstantJob\frontend\system\CodeIgniter.php(832): App\Controllers\Home->index()
#5 C:\wamp64\www\InstantJob\frontend\system\CodeIgniter.php(419): CodeIgniter\CodeIgniter->runController(Object(App\Controllers\Home))
#6 C:\wamp64\www\InstantJob\frontend\system\CodeIgniter.php(326): CodeIgniter\CodeIgniter->handleRequest(NULL, Object(Config\Cache), false)
#7 C:\wamp64\www\InstantJob\frontend\public\index.php(37): CodeIgniter\CodeIgniter->run()
#8 {main}
CRITICAL - 2022-05-19 05:23:55 --> Call to undefined function form_open()
#0 C:\wamp64\www\InstantJob\frontend\system\View\View.php(210): include()
#1 C:\wamp64\www\InstantJob\frontend\system\View\View.php(213): CodeIgniter\View\View->CodeIgniter\View\{closure}()
#2 C:\wamp64\www\InstantJob\frontend\system\Common.php(1089): CodeIgniter\View\View->render('index.php', Array, true)
#3 C:\wamp64\www\InstantJob\frontend\app\Controllers\Home.php(9): view('index.php')
#4 C:\wamp64\www\InstantJob\frontend\system\CodeIgniter.php(832): App\Controllers\Home->index()
#5 C:\wamp64\www\InstantJob\frontend\system\CodeIgniter.php(419): CodeIgniter\CodeIgniter->runController(Object(App\Controllers\Home))
#6 C:\wamp64\www\InstantJob\frontend\system\CodeIgniter.php(326): CodeIgniter\CodeIgniter->handleRequest(NULL, Object(Config\Cache), false)
#7 C:\wamp64\www\InstantJob\frontend\public\index.php(37): CodeIgniter\CodeIgniter->run()
#8 {main}
CRITICAL - 2022-05-19 05:23:55 --> Call to undefined function form_open()
#0 C:\wamp64\www\InstantJob\frontend\system\View\View.php(210): include()
#1 C:\wamp64\www\InstantJob\frontend\system\View\View.php(213): CodeIgniter\View\View->CodeIgniter\View\{closure}()
#2 C:\wamp64\www\InstantJob\frontend\system\Common.php(1089): CodeIgniter\View\View->render('index.php', Array, true)
#3 C:\wamp64\www\InstantJob\frontend\app\Controllers\Home.php(9): view('index.php')
#4 C:\wamp64\www\InstantJob\frontend\system\CodeIgniter.php(832): App\Controllers\Home->index()
#5 C:\wamp64\www\InstantJob\frontend\system\CodeIgniter.php(419): CodeIgniter\CodeIgniter->runController(Object(App\Controllers\Home))
#6 C:\wamp64\www\InstantJob\frontend\system\CodeIgniter.php(326): CodeIgniter\CodeIgniter->handleRequest(NULL, Object(Config\Cache), false)
#7 C:\wamp64\www\InstantJob\frontend\public\index.php(37): CodeIgniter\CodeIgniter->run()
#8 {main}
CRITICAL - 2022-05-19 05:23:55 --> Call to undefined function form_open()
#0 C:\wamp64\www\InstantJob\frontend\system\View\View.php(210): include()
#1 C:\wamp64\www\InstantJob\frontend\system\View\View.php(213): CodeIgniter\View\View->CodeIgniter\View\{closure}()
#2 C:\wamp64\www\InstantJob\frontend\system\Common.php(1089): CodeIgniter\View\View->render('index.php', Array, true)
#3 C:\wamp64\www\InstantJob\frontend\app\Controllers\Home.php(9): view('index.php')
#4 C:\wamp64\www\InstantJob\frontend\system\CodeIgniter.php(832): App\Controllers\Home->index()
#5 C:\wamp64\www\InstantJob\frontend\system\CodeIgniter.php(419): CodeIgniter\CodeIgniter->runController(Object(App\Controllers\Home))
#6 C:\wamp64\www\InstantJob\frontend\system\CodeIgniter.php(326): CodeIgniter\CodeIgniter->handleRequest(NULL, Object(Config\Cache), false)
#7 C:\wamp64\www\InstantJob\frontend\public\index.php(37): CodeIgniter\CodeIgniter->run()
#8 {main}
CRITICAL - 2022-05-19 05:24:02 --> Call to undefined function form_open()
#0 C:\wamp64\www\InstantJob\frontend\system\View\View.php(210): include()
#1 C:\wamp64\www\InstantJob\frontend\system\View\View.php(213): CodeIgniter\View\View->CodeIgniter\View\{closure}()
#2 C:\wamp64\www\InstantJob\frontend\system\Common.php(1089): CodeIgniter\View\View->render('index', Array, true)
#3 C:\wamp64\www\InstantJob\frontend\app\Controllers\Home.php(9): view('index')
#4 C:\wamp64\www\InstantJob\frontend\system\CodeIgniter.php(832): App\Controllers\Home->index()
#5 C:\wamp64\www\InstantJob\frontend\system\CodeIgniter.php(419): CodeIgniter\CodeIgniter->runController(Object(App\Controllers\Home))
#6 C:\wamp64\www\InstantJob\frontend\system\CodeIgniter.php(326): CodeIgniter\CodeIgniter->handleRequest(NULL, Object(Config\Cache), false)
#7 C:\wamp64\www\InstantJob\frontend\public\index.php(37): CodeIgniter\CodeIgniter->run()
#8 {main}
CRITICAL - 2022-05-19 05:24:03 --> Call to undefined function form_open()
#0 C:\wamp64\www\InstantJob\frontend\system\View\View.php(210): include()
#1 C:\wamp64\www\InstantJob\frontend\system\View\View.php(213): CodeIgniter\View\View->CodeIgniter\View\{closure}()
#2 C:\wamp64\www\InstantJob\frontend\system\Common.php(1089): CodeIgniter\View\View->render('index', Array, true)
#3 C:\wamp64\www\InstantJob\frontend\app\Controllers\Home.php(9): view('index')
#4 C:\wamp64\www\InstantJob\frontend\system\CodeIgniter.php(832): App\Controllers\Home->index()
#5 C:\wamp64\www\InstantJob\frontend\system\CodeIgniter.php(419): CodeIgniter\CodeIgniter->runController(Object(App\Controllers\Home))
#6 C:\wamp64\www\InstantJob\frontend\system\CodeIgniter.php(326): CodeIgniter\CodeIgniter->handleRequest(NULL, Object(Config\Cache), false)
#7 C:\wamp64\www\InstantJob\frontend\public\index.php(37): CodeIgniter\CodeIgniter->run()
#8 {main}
CRITICAL - 2022-05-19 05:24:03 --> Call to undefined function form_open()
#0 C:\wamp64\www\InstantJob\frontend\system\View\View.php(210): include()
#1 C:\wamp64\www\InstantJob\frontend\system\View\View.php(213): CodeIgniter\View\View->CodeIgniter\View\{closure}()
#2 C:\wamp64\www\InstantJob\frontend\system\Common.php(1089): CodeIgniter\View\View->render('index', Array, true)
#3 C:\wamp64\www\InstantJob\frontend\app\Controllers\Home.php(9): view('index')
#4 C:\wamp64\www\InstantJob\frontend\system\CodeIgniter.php(832): App\Controllers\Home->index()
#5 C:\wamp64\www\InstantJob\frontend\system\CodeIgniter.php(419): CodeIgniter\CodeIgniter->runController(Object(App\Controllers\Home))
#6 C:\wamp64\www\InstantJob\frontend\system\CodeIgniter.php(326): CodeIgniter\CodeIgniter->handleRequest(NULL, Object(Config\Cache), false)
#7 C:\wamp64\www\InstantJob\frontend\public\index.php(37): CodeIgniter\CodeIgniter->run()
#8 {main}
CRITICAL - 2022-05-19 05:24:03 --> Call to undefined function form_open()
#0 C:\wamp64\www\InstantJob\frontend\system\View\View.php(210): include()
#1 C:\wamp64\www\InstantJob\frontend\system\View\View.php(213): CodeIgniter\View\View->CodeIgniter\View\{closure}()
#2 C:\wamp64\www\InstantJob\frontend\system\Common.php(1089): CodeIgniter\View\View->render('index', Array, true)
#3 C:\wamp64\www\InstantJob\frontend\app\Controllers\Home.php(9): view('index')
#4 C:\wamp64\www\InstantJob\frontend\system\CodeIgniter.php(832): App\Controllers\Home->index()
#5 C:\wamp64\www\InstantJob\frontend\system\CodeIgniter.php(419): CodeIgniter\CodeIgniter->runController(Object(App\Controllers\Home))
#6 C:\wamp64\www\InstantJob\frontend\system\CodeIgniter.php(326): CodeIgniter\CodeIgniter->handleRequest(NULL, Object(Config\Cache), false)
#7 C:\wamp64\www\InstantJob\frontend\public\index.php(37): CodeIgniter\CodeIgniter->run()
#8 {main}
CRITICAL - 2022-05-19 05:24:36 --> Call to undefined function form_open()
#0 C:\wamp64\www\InstantJob\frontend\system\View\View.php(210): include()
#1 C:\wamp64\www\InstantJob\frontend\system\View\View.php(213): CodeIgniter\View\View->CodeIgniter\View\{closure}()
#2 C:\wamp64\www\InstantJob\frontend\system\Common.php(1089): CodeIgniter\View\View->render('index', Array, true)
#3 C:\wamp64\www\InstantJob\frontend\app\Controllers\Home.php(9): view('index')
#4 C:\wamp64\www\InstantJob\frontend\system\CodeIgniter.php(832): App\Controllers\Home->index()
#5 C:\wamp64\www\InstantJob\frontend\system\CodeIgniter.php(419): CodeIgniter\CodeIgniter->runController(Object(App\Controllers\Home))
#6 C:\wamp64\www\InstantJob\frontend\system\CodeIgniter.php(326): CodeIgniter\CodeIgniter->handleRequest(NULL, Object(Config\Cache), false)
#7 C:\wamp64\www\InstantJob\frontend\public\index.php(37): CodeIgniter\CodeIgniter->run()
#8 {main}
CRITICAL - 2022-05-19 05:25:29 --> Call to undefined function form_open()
#0 C:\wamp64\www\InstantJob\frontend\system\View\View.php(210): include()
#1 C:\wamp64\www\InstantJob\frontend\system\View\View.php(213): CodeIgniter\View\View->CodeIgniter\View\{closure}()
#2 C:\wamp64\www\InstantJob\frontend\system\Common.php(1089): CodeIgniter\View\View->render('index.php', Array, true)
#3 C:\wamp64\www\InstantJob\frontend\app\Controllers\Home.php(9): view('index.php')
#4 C:\wamp64\www\InstantJob\frontend\system\CodeIgniter.php(832): App\Controllers\Home->index()
#5 C:\wamp64\www\InstantJob\frontend\system\CodeIgniter.php(419): CodeIgniter\CodeIgniter->runController(Object(App\Controllers\Home))
#6 C:\wamp64\www\InstantJob\frontend\system\CodeIgniter.php(326): CodeIgniter\CodeIgniter->handleRequest(NULL, Object(Config\Cache), false)
#7 C:\wamp64\www\InstantJob\frontend\public\index.php(37): CodeIgniter\CodeIgniter->run()
#8 {main}
CRITICAL - 2022-05-19 05:26:34 --> Call to undefined function form_open()
#0 C:\wamp64\www\InstantJob\frontend\system\View\View.php(210): include()
#1 C:\wamp64\www\InstantJob\frontend\system\View\View.php(213): CodeIgniter\View\View->CodeIgniter\View\{closure}()
#2 C:\wamp64\www\InstantJob\frontend\system\Common.php(1089): CodeIgniter\View\View->render('index.php', Array, true)
#3 C:\wamp64\www\InstantJob\frontend\app\Controllers\Home.php(9): view('index.php')
#4 C:\wamp64\www\InstantJob\frontend\system\CodeIgniter.php(832): App\Controllers\Home->index()
#5 C:\wamp64\www\InstantJob\frontend\system\CodeIgniter.php(419): CodeIgniter\CodeIgniter->runController(Object(App\Controllers\Home))
#6 C:\wamp64\www\InstantJob\frontend\system\CodeIgniter.php(326): CodeIgniter\CodeIgniter->handleRequest(NULL, Object(Config\Cache), false)
#7 C:\wamp64\www\InstantJob\frontend\public\index.php(37): CodeIgniter\CodeIgniter->run()
#8 {main}
CRITICAL - 2022-05-19 05:26:34 --> Call to undefined function form_open()
#0 C:\wamp64\www\InstantJob\frontend\system\View\View.php(210): include()
#1 C:\wamp64\www\InstantJob\frontend\system\View\View.php(213): CodeIgniter\View\View->CodeIgniter\View\{closure}()
#2 C:\wamp64\www\InstantJob\frontend\system\Common.php(1089): CodeIgniter\View\View->render('index.php', Array, true)
#3 C:\wamp64\www\InstantJob\frontend\app\Controllers\Home.php(9): view('index.php')
#4 C:\wamp64\www\InstantJob\frontend\system\CodeIgniter.php(832): App\Controllers\Home->index()
#5 C:\wamp64\www\InstantJob\frontend\system\CodeIgniter.php(419): CodeIgniter\CodeIgniter->runController(Object(App\Controllers\Home))
#6 C:\wamp64\www\InstantJob\frontend\system\CodeIgniter.php(326): CodeIgniter\CodeIgniter->handleRequest(NULL, Object(Config\Cache), false)
#7 C:\wamp64\www\InstantJob\frontend\public\index.php(37): CodeIgniter\CodeIgniter->run()
#8 {main}
CRITICAL - 2022-05-19 05:26:35 --> Call to undefined function form_open()
#0 C:\wamp64\www\InstantJob\frontend\system\View\View.php(210): include()
#1 C:\wamp64\www\InstantJob\frontend\system\View\View.php(213): CodeIgniter\View\View->CodeIgniter\View\{closure}()
#2 C:\wamp64\www\InstantJob\frontend\system\Common.php(1089): CodeIgniter\View\View->render('index.php', Array, true)
#3 C:\wamp64\www\InstantJob\frontend\app\Controllers\Home.php(9): view('index.php')
#4 C:\wamp64\www\InstantJob\frontend\system\CodeIgniter.php(832): App\Controllers\Home->index()
#5 C:\wamp64\www\InstantJob\frontend\system\CodeIgniter.php(419): CodeIgniter\CodeIgniter->runController(Object(App\Controllers\Home))
#6 C:\wamp64\www\InstantJob\frontend\system\CodeIgniter.php(326): CodeIgniter\CodeIgniter->handleRequest(NULL, Object(Config\Cache), false)
#7 C:\wamp64\www\InstantJob\frontend\public\index.php(37): CodeIgniter\CodeIgniter->run()
#8 {main}
CRITICAL - 2022-05-19 05:26:52 --> Call to undefined function form_open()
#0 C:\wamp64\www\InstantJob\frontend\system\View\View.php(210): include()
#1 C:\wamp64\www\InstantJob\frontend\system\View\View.php(213): CodeIgniter\View\View->CodeIgniter\View\{closure}()
#2 C:\wamp64\www\InstantJob\frontend\system\Common.php(1089): CodeIgniter\View\View->render('index.php', Array, true)
#3 C:\wamp64\www\InstantJob\frontend\app\Controllers\Home.php(9): view('index.php')
#4 C:\wamp64\www\InstantJob\frontend\system\CodeIgniter.php(832): App\Controllers\Home->index()
#5 C:\wamp64\www\InstantJob\frontend\system\CodeIgniter.php(419): CodeIgniter\CodeIgniter->runController(Object(App\Controllers\Home))
#6 C:\wamp64\www\InstantJob\frontend\system\CodeIgniter.php(326): CodeIgniter\CodeIgniter->handleRequest(NULL, Object(Config\Cache), false)
#7 C:\wamp64\www\InstantJob\frontend\public\index.php(37): CodeIgniter\CodeIgniter->run()
#8 {main}
CRITICAL - 2022-05-19 05:27:30 --> Call to undefined function form_open()
#0 C:\wamp64\www\InstantJob\frontend\system\View\View.php(210): include()
#1 C:\wamp64\www\InstantJob\frontend\system\View\View.php(213): CodeIgniter\View\View->CodeIgniter\View\{closure}()
#2 C:\wamp64\www\InstantJob\frontend\system\Common.php(1089): CodeIgniter\View\View->render('index.php', Array, true)
#3 C:\wamp64\www\InstantJob\frontend\app\Controllers\Home.php(9): view('index.php')
#4 C:\wamp64\www\InstantJob\frontend\system\CodeIgniter.php(832): App\Controllers\Home->index()
#5 C:\wamp64\www\InstantJob\frontend\system\CodeIgniter.php(419): CodeIgniter\CodeIgniter->runController(Object(App\Controllers\Home))
#6 C:\wamp64\www\InstantJob\frontend\system\CodeIgniter.php(326): CodeIgniter\CodeIgniter->handleRequest(NULL, Object(Config\Cache), false)
#7 C:\wamp64\www\InstantJob\frontend\public\index.php(37): CodeIgniter\CodeIgniter->run()
#8 {main}
CRITICAL - 2022-05-19 05:29:03 --> Call to undefined function form_open()
#0 C:\wamp64\www\InstantJob\frontend\system\View\View.php(210): include()
#1 C:\wamp64\www\InstantJob\frontend\system\View\View.php(213): CodeIgniter\View\View->CodeIgniter\View\{closure}()
#2 C:\wamp64\www\InstantJob\frontend\system\Common.php(1089): CodeIgniter\View\View->render('index.php', Array, true)
#3 C:\wamp64\www\InstantJob\frontend\app\Controllers\Home.php(9): view('index.php')
#4 C:\wamp64\www\InstantJob\frontend\system\CodeIgniter.php(832): App\Controllers\Home->index()
#5 C:\wamp64\www\InstantJob\frontend\system\CodeIgniter.php(419): CodeIgniter\CodeIgniter->runController(Object(App\Controllers\Home))
#6 C:\wamp64\www\InstantJob\frontend\system\CodeIgniter.php(326): CodeIgniter\CodeIgniter->handleRequest(NULL, Object(Config\Cache), false)
#7 C:\wamp64\www\InstantJob\frontend\public\index.php(37): CodeIgniter\CodeIgniter->run()
#8 {main}
